This file contains any messages produced by compilers while
running configure, to aid debugging if configure makes a mistake.

It was created by libedit configure 3.1, which was
generated by GNU Autoconf 2.69.  Invocation command line was

  $ ./configure --build=x86_64-linux-gnu --prefix=/usr --includedir=${prefix}/include --mandir=${prefix}/share/man --infodir=${prefix}/share/info --sysconfdir=/etc --localstatedir=/var --disable-silent-rules --libdir=${prefix}/lib/x86_64-linux-gnu --libexecdir=${prefix}/lib/x86_64-linux-gnu --runstatedir=/run --disable-maintainer-mode --disable-dependency-tracking --enable-examples

## --------- ##
## Platform. ##
## --------- ##

hostname = server
uname -m = x86_64
uname -r = 4.18.0-2-amd64
uname -s = Linux
uname -v = #1 SMP Debian 4.18.10-2 (2018-11-02)

/usr/bin/uname -p = unknown
/bin/uname -X     = unknown

/bin/arch              = unknown
/usr/bin/arch -k       = unknown
/usr/convex/getsysinfo = unknown
/usr/bin/hostinfo      = unknown
/bin/machine           = unknown
/usr/bin/oslevel       = unknown
/bin/universe          = unknown

PATH: /opt/intel/compilers_and_libraries/linux/pkg_bin/intel64
PATH: /opt/intel/parallel_studio_xe_2019/bin
PATH: /usr/sbin
PATH: /usr/bin
PATH: /sbin
PATH: /bin
PATH: /usr/bin/X11


## ----------- ##
## Core tests. ##
## ----------- ##

configure:2456: checking for gcc
configure:2483: result: icc
configure:2712: checking for C compiler version
configure:2721: icc --version >&5
icc (ICC) 19.0.1.144 20181018
Copyright (C) 1985-2018 Intel Corporation.  All rights reserved.

configure:2732: $? = 0
configure:2721: icc -v >&5
icc version 19.0.1.144 (gcc version 8.2.0 compatibility)
icc: warning #10013: no objects specified for multi-file optimization
x86_64-linux-gnu-ld    /usr/lib/gcc/x86_64-linux-gnu/8/../../../x86_64-linux-gnu/Scrt1.o /usr/lib/gcc/x86_64-linux-gnu/8/../../../x86_64-linux-gnu/crti.o --eh-frame-hdr --build-id -dynamic-linker /lib64/ld-linux-x86-64.so.2 -m elf_x86_64 -o a.out -L/opt/intel/tbb/lib/intel64/gcc4.7 -L/opt/intel/compilers_and_libraries_2019.1.144/linux/compiler/lib/intel64_lin -L/usr/lib/gcc/x86_64-linux-gnu/8/ -L/usr/lib/gcc/x86_64-linux-gnu/8/../../../x86_64-linux-gnu/ -L/usr/lib/gcc/x86_64-linux-gnu/8/../../../../lib/ -L/lib/x86_64-linux-gnu/ -L/lib/../lib64 -L/lib/../lib/ -L/usr/lib/x86_64-linux-gnu/ -L/usr/lib/../lib/ -L/opt/intel/tbb/lib/intel64/gcc4.7/ -L/usr/lib/gcc/x86_64-linux-gnu/8/../../../ -L/lib64 -L/lib/ -L/usr/lib --as-needed --gc-sections --relax -Bdynamic -Bstatic -limf -lsvml -lirng -lmatmul -Bdynamic -lm -Bstatic -lipgo -ldecimal -Bdynamic -liomp5 --as-needed -lcilkrts -lstdc++ --no-as-needed -Bstatic -lirc -Bdynamic -lpthread -Bstatic -lsvml -Bdynamic -lc -Bstatic -lirc_s -Bdynamic -ldl -lc /usr/lib/gcc/x86_64-linux-gnu/8/../../../x86_64-linux-gnu/crtn.o
x86_64-linux-gnu-ld: /usr/lib/gcc/x86_64-linux-gnu/8/../../../x86_64-linux-gnu/Scrt1.o: in function `_start':
(.text+0x20): undefined reference to `main'
configure:2732: $? = 1
configure:2721: icc -V >&5
GNU ld (GNU Binutils for Debian) 2.31.1
Intel(R) C Intel(R) 64 Compiler for applications running on Intel(R) 64, Version 19.0.1.144 Build 20181018
Copyright (C) 1985-2018 Intel Corporation.  All rights reserved.

icc: warning #10013: no objects specified for multi-file optimization
x86_64-linux-gnu-ld: /usr/lib/gcc/x86_64-linux-gnu/8/../../../x86_64-linux-gnu/Scrt1.o: in function `_start':
(.text+0x20): undefined reference to `main'
configure:2732: $? = 1
configure:2721: icc -qversion >&5
icc: warning #10013: no objects specified for multi-file optimization
x86_64-linux-gnu-ld: /usr/lib/gcc/x86_64-linux-gnu/8/../../../x86_64-linux-gnu/Scrt1.o: in function `_start':
(.text+0x20): undefined reference to `main'
configure:2732: $? = 1
configure:2752: checking whether the C compiler works
configure:2774: icc -g -O2 -fdebug-prefix-map=/dev/shm/builddeps/libedit-dev/libedit=. -fstack-protector-strong -Wformat -Werror=format-security -march=native -pipe -Wdate-time -D_FORTIFY_SOURCE=2 -Wl,-z,relro -Wl,--as-needed,--gc-sections,--relax conftest.c  >&5
configure:2778: $? = 0
configure:2826: result: yes
configure:2829: checking for C compiler default output file name
configure:2831: result: a.out
configure:2837: checking for suffix of executables
configure:2844: icc -o conftest -g -O2 -fdebug-prefix-map=/dev/shm/builddeps/libedit-dev/libedit=. -fstack-protector-strong -Wformat -Werror=format-security -march=native -pipe -Wdate-time -D_FORTIFY_SOURCE=2 -Wl,-z,relro -Wl,--as-needed,--gc-sections,--relax conftest.c  >&5
configure:2848: $? = 0
configure:2870: result: 
configure:2892: checking whether we are cross compiling
configure:2900: icc -o conftest -g -O2 -fdebug-prefix-map=/dev/shm/builddeps/libedit-dev/libedit=. -fstack-protector-strong -Wformat -Werror=format-security -march=native -pipe -Wdate-time -D_FORTIFY_SOURCE=2 -Wl,-z,relro -Wl,--as-needed,--gc-sections,--relax conftest.c  >&5
configure:2904: $? = 0
configure:2911: ./conftest
configure:2915: $? = 0
configure:2930: result: no
configure:2935: checking for suffix of object files
configure:2957: icc -c -g -O2 -fdebug-prefix-map=/dev/shm/builddeps/libedit-dev/libedit=. -fstack-protector-strong -Wformat -Werror=format-security -march=native -pipe -Wdate-time -D_FORTIFY_SOURCE=2 conftest.c >&5
configure:2961: $? = 0
configure:2982: result: o
configure:2986: checking whether we are using the GNU C compiler
configure:3005: icc -c -g -O2 -fdebug-prefix-map=/dev/shm/builddeps/libedit-dev/libedit=. -fstack-protector-strong -Wformat -Werror=format-security -march=native -pipe -Wdate-time -D_FORTIFY_SOURCE=2 conftest.c >&5
configure:3005: $? = 0
configure:3014: result: yes
configure:3023: checking whether icc accepts -g
configure:3043: icc -c -g -Wdate-time -D_FORTIFY_SOURCE=2 conftest.c >&5
configure:3043: $? = 0
configure:3084: result: yes
configure:3101: checking for icc option to accept ISO C89
configure:3164: icc  -c -g -O2 -fdebug-prefix-map=/dev/shm/builddeps/libedit-dev/libedit=. -fstack-protector-strong -Wformat -Werror=format-security -march=native -pipe -Wdate-time -D_FORTIFY_SOURCE=2 conftest.c >&5
configure:3164: $? = 0
configure:3177: result: none needed
configure:3202: checking whether icc understands -c and -o together
configure:3224: icc -c conftest.c -o conftest2.o
configure:3227: $? = 0
configure:3224: icc -c conftest.c -o conftest2.o
configure:3227: $? = 0
configure:3239: result: yes
configure:3262: checking how to run the C preprocessor
configure:3293: icc -E -Wdate-time -D_FORTIFY_SOURCE=2 conftest.c
configure:3293: $? = 0
configure:3307: icc -E -Wdate-time -D_FORTIFY_SOURCE=2 conftest.c
conftest.c(9): error #2379: cannot open source file "ac_nonexistent.h"
  #include <ac_nonexistent.h>
                             ^

configure:3307: $? = 2
configure: failed program was:
| /* confdefs.h */
| #define PACKAGE_NAME "libedit"
| #define PACKAGE_TARNAME "libedit-20181209"
| #define PACKAGE_VERSION "3.1"
| #define PACKAGE_STRING "libedit 3.1"
| #define PACKAGE_BUGREPORT ""
| #define PACKAGE_URL ""
| /* end confdefs.h.  */
| #include <ac_nonexistent.h>
configure:3332: result: icc -E
configure:3352: icc -E -Wdate-time -D_FORTIFY_SOURCE=2 conftest.c
configure:3352: $? = 0
configure:3366: icc -E -Wdate-time -D_FORTIFY_SOURCE=2 conftest.c
conftest.c(9): error #2379: cannot open source file "ac_nonexistent.h"
  #include <ac_nonexistent.h>
                             ^

configure:3366: $? = 2
configure: failed program was:
| /* confdefs.h */
| #define PACKAGE_NAME "libedit"
| #define PACKAGE_TARNAME "libedit-20181209"
| #define PACKAGE_VERSION "3.1"
| #define PACKAGE_STRING "libedit 3.1"
| #define PACKAGE_BUGREPORT ""
| #define PACKAGE_URL ""
| /* end confdefs.h.  */
| #include <ac_nonexistent.h>
configure:3395: checking for grep that handles long lines and -e
configure:3453: result: /bin/grep
configure:3458: checking for egrep
configure:3520: result: /bin/grep -E
configure:3525: checking for ANSI C header files
configure:3545: icc -c -g -O2 -fdebug-prefix-map=/dev/shm/builddeps/libedit-dev/libedit=. -fstack-protector-strong -Wformat -Werror=format-security -march=native -pipe -Wdate-time -D_FORTIFY_SOURCE=2 conftest.c >&5
configure:3545: $? = 0
configure:3618: icc -o conftest -g -O2 -fdebug-prefix-map=/dev/shm/builddeps/libedit-dev/libedit=. -fstack-protector-strong -Wformat -Werror=format-security -march=native -pipe -Wdate-time -D_FORTIFY_SOURCE=2 -Wl,-z,relro -Wl,--as-needed,--gc-sections,--relax conftest.c  >&5
configure:3618: $? = 0
configure:3618: ./conftest
configure:3618: $? = 0
configure:3629: result: yes
configure:3642: checking for sys/types.h
configure:3642: icc -c -g -O2 -fdebug-prefix-map=/dev/shm/builddeps/libedit-dev/libedit=. -fstack-protector-strong -Wformat -Werror=format-security -march=native -pipe -Wdate-time -D_FORTIFY_SOURCE=2 conftest.c >&5
configure:3642: $? = 0
configure:3642: result: yes
configure:3642: checking for sys/stat.h
configure:3642: icc -c -g -O2 -fdebug-prefix-map=/dev/shm/builddeps/libedit-dev/libedit=. -fstack-protector-strong -Wformat -Werror=format-security -march=native -pipe -Wdate-time -D_FORTIFY_SOURCE=2 conftest.c >&5
configure:3642: $? = 0
configure:3642: result: yes
configure:3642: checking for stdlib.h
configure:3642: icc -c -g -O2 -fdebug-prefix-map=/dev/shm/builddeps/libedit-dev/libedit=. -fstack-protector-strong -Wformat -Werror=format-security -march=native -pipe -Wdate-time -D_FORTIFY_SOURCE=2 conftest.c >&5
configure:3642: $? = 0
configure:3642: result: yes
configure:3642: checking for string.h
configure:3642: icc -c -g -O2 -fdebug-prefix-map=/dev/shm/builddeps/libedit-dev/libedit=. -fstack-protector-strong -Wformat -Werror=format-security -march=native -pipe -Wdate-time -D_FORTIFY_SOURCE=2 conftest.c >&5
configure:3642: $? = 0
configure:3642: result: yes
configure:3642: checking for memory.h
configure:3642: icc -c -g -O2 -fdebug-prefix-map=/dev/shm/builddeps/libedit-dev/libedit=. -fstack-protector-strong -Wformat -Werror=format-security -march=native -pipe -Wdate-time -D_FORTIFY_SOURCE=2 conftest.c >&5
configure:3642: $? = 0
configure:3642: result: yes
configure:3642: checking for strings.h
configure:3642: icc -c -g -O2 -fdebug-prefix-map=/dev/shm/builddeps/libedit-dev/libedit=. -fstack-protector-strong -Wformat -Werror=format-security -march=native -pipe -Wdate-time -D_FORTIFY_SOURCE=2 conftest.c >&5
configure:3642: $? = 0
configure:3642: result: yes
configure:3642: checking for inttypes.h
configure:3642: icc -c -g -O2 -fdebug-prefix-map=/dev/shm/builddeps/libedit-dev/libedit=. -fstack-protector-strong -Wformat -Werror=format-security -march=native -pipe -Wdate-time -D_FORTIFY_SOURCE=2 conftest.c >&5
configure:3642: $? = 0
configure:3642: result: yes
configure:3642: checking for stdint.h
configure:3642: icc -c -g -O2 -fdebug-prefix-map=/dev/shm/builddeps/libedit-dev/libedit=. -fstack-protector-strong -Wformat -Werror=format-security -march=native -pipe -Wdate-time -D_FORTIFY_SOURCE=2 conftest.c >&5
configure:3642: $? = 0
configure:3642: result: yes
configure:3642: checking for unistd.h
configure:3642: icc -c -g -O2 -fdebug-prefix-map=/dev/shm/builddeps/libedit-dev/libedit=. -fstack-protector-strong -Wformat -Werror=format-security -march=native -pipe -Wdate-time -D_FORTIFY_SOURCE=2 conftest.c >&5
configure:3642: $? = 0
configure:3642: result: yes
configure:3655: checking minix/config.h usability
configure:3655: icc -c -g -O2 -fdebug-prefix-map=/dev/shm/builddeps/libedit-dev/libedit=. -fstack-protector-strong -Wformat -Werror=format-security -march=native -pipe -Wdate-time -D_FORTIFY_SOURCE=2 conftest.c >&5
conftest.c(52): catastrophic error: cannot open source file "minix/config.h"
  #include <minix/config.h>
                           ^

compilation aborted for conftest.c (code 4)
configure:3655: $? = 4
configure: failed program was:
| /* confdefs.h */
| #define PACKAGE_NAME "libedit"
| #define PACKAGE_TARNAME "libedit-20181209"
| #define PACKAGE_VERSION "3.1"
| #define PACKAGE_STRING "libedit 3.1"
| #define PACKAGE_BUGREPORT ""
| #define PACKAGE_URL ""
| #define STDC_HEADERS 1
| #define HAVE_SYS_TYPES_H 1
| #define HAVE_SYS_STAT_H 1
| #define HAVE_STDLIB_H 1
| #define HAVE_STRING_H 1
| #define HAVE_MEMORY_H 1
| #define HAVE_STRINGS_H 1
| #define HAVE_INTTYPES_H 1
| #define HAVE_STDINT_H 1
| #define HAVE_UNISTD_H 1
| /* end confdefs.h.  */
| #include <stdio.h>
| #ifdef HAVE_SYS_TYPES_H
| # include <sys/types.h>
| #endif
| #ifdef HAVE_SYS_STAT_H
| # include <sys/stat.h>
| #endif
| #ifdef STDC_HEADERS
| # include <stdlib.h>
| # include <stddef.h>
| #else
| # ifdef HAVE_STDLIB_H
| #  include <stdlib.h>
| # endif
| #endif
| #ifdef HAVE_STRING_H
| # if !defined STDC_HEADERS && defined HAVE_MEMORY_H
| #  include <memory.h>
| # endif
| # include <string.h>
| #endif
| #ifdef HAVE_STRINGS_H
| # include <strings.h>
| #endif
| #ifdef HAVE_INTTYPES_H
| # include <inttypes.h>
| #endif
| #ifdef HAVE_STDINT_H
| # include <stdint.h>
| #endif
| #ifdef HAVE_UNISTD_H
| # include <unistd.h>
| #endif
| #include <minix/config.h>
configure:3655: result: no
configure:3655: checking minix/config.h presence
configure:3655: icc -E -Wdate-time -D_FORTIFY_SOURCE=2 conftest.c
conftest.c(19): error #2379: cannot open source file "minix/config.h"
  #include <minix/config.h>
                           ^

configure:3655: $? = 2
configure: failed program was:
| /* confdefs.h */
| #define PACKAGE_NAME "libedit"
| #define PACKAGE_TARNAME "libedit-20181209"
| #define PACKAGE_VERSION "3.1"
| #define PACKAGE_STRING "libedit 3.1"
| #define PACKAGE_BUGREPORT ""
| #define PACKAGE_URL ""
| #define STDC_HEADERS 1
| #define HAVE_SYS_TYPES_H 1
| #define HAVE_SYS_STAT_H 1
| #define HAVE_STDLIB_H 1
| #define HAVE_STRING_H 1
| #define HAVE_MEMORY_H 1
| #define HAVE_STRINGS_H 1
| #define HAVE_INTTYPES_H 1
| #define HAVE_STDINT_H 1
| #define HAVE_UNISTD_H 1
| /* end confdefs.h.  */
| #include <minix/config.h>
configure:3655: result: no
configure:3655: checking for minix/config.h
configure:3655: result: no
configure:3676: checking whether it is safe to define __EXTENSIONS__
configure:3694: icc -c -g -O2 -fdebug-prefix-map=/dev/shm/builddeps/libedit-dev/libedit=. -fstack-protector-strong -Wformat -Werror=format-security -march=native -pipe -Wdate-time -D_FORTIFY_SOURCE=2 conftest.c >&5
configure:3694: $? = 0
configure:3701: result: yes
configure:3732: checking for a BSD-compatible install
configure:3800: result: /usr/bin/install -c
configure:3811: checking whether build environment is sane
configure:3866: result: yes
configure:4014: checking for a thread-safe mkdir -p
configure:4053: result: /bin/mkdir -p
configure:4060: checking for gawk
configure:4076: found /usr/bin/gawk
configure:4087: result: gawk
configure:4098: checking whether make sets $(MAKE)
configure:4120: result: yes
configure:4142: checking whether make supports the include directive
configure:4157: make -f confmf.GNU && cat confinc.out
make[2]: Entering directory '/dev/shm/builddeps/libedit-dev/libedit'
make[2]: Leaving directory '/dev/shm/builddeps/libedit-dev/libedit'
this is the am__doit target
configure:4160: $? = 0
configure:4179: result: yes (GNU style)
configure:4212: checking whether make supports nested variables
configure:4229: result: yes
configure:4314: checking dependency style of icc
configure:4425: result: none
configure:4512: checking build system type
configure:4526: result: x86_64-pc-linux-gnu
configure:4546: checking host system type
configure:4559: result: x86_64-pc-linux-gnu
configure:4600: checking how to print strings
configure:4627: result: printf
configure:4648: checking for a sed that does not truncate output
configure:4712: result: /bin/sed
configure:4730: checking for fgrep
configure:4792: result: /bin/grep -F
configure:4827: checking for ld used by icc
configure:4894: result: xild
configure:4901: checking if the linker (xild) is GNU ld
configure:4916: result: yes
configure:4928: checking for BSD- or MS-compatible name lister (nm)
configure:4982: result: /usr/bin/nm -B
configure:5112: checking the name lister (/usr/bin/nm -B) interface
configure:5119: icc -c -g -O2 -fdebug-prefix-map=/dev/shm/builddeps/libedit-dev/libedit=. -fstack-protector-strong -Wformat -Werror=format-security -march=native -pipe -Wdate-time -D_FORTIFY_SOURCE=2 conftest.c >&5
configure:5122: /usr/bin/nm -B "conftest.o"
configure:5125: output
                 U __must_be_linked_with_icc_or_xild
0000000000000000 D some_variable
configure:5132: result: BSD nm
configure:5135: checking whether ln -s works
configure:5139: result: yes
configure:5147: checking the maximum length of command line arguments
configure:5278: result: 1572864
configure:5326: checking how to convert x86_64-pc-linux-gnu file names to x86_64-pc-linux-gnu format
configure:5366: result: func_convert_file_noop
configure:5373: checking how to convert x86_64-pc-linux-gnu file names to toolchain format
configure:5393: result: func_convert_file_noop
configure:5400: checking for xild option to reload object files
configure:5407: result: -r
configure:5481: checking for objdump
configure:5497: found /usr/bin/objdump
configure:5508: result: objdump
configure:5540: checking how to recognize dependent libraries
configure:5740: result: pass_all
configure:5825: checking for dlltool
configure:5855: result: no
configure:5885: checking how to associate runtime and link libraries
configure:5912: result: printf %s\n
configure:6036: checking for archiver @FILE support
configure:6053: icc -c -g -O2 -fdebug-prefix-map=/dev/shm/builddeps/libedit-dev/libedit=. -fstack-protector-strong -Wformat -Werror=format-security -march=native -pipe -Wdate-time -D_FORTIFY_SOURCE=2 conftest.c >&5
configure:6053: $? = 0
configure:6056: xiar cru libconftest.a @conftest.lst >&5
xiar: executing 'ar'
ar: `u' modifier ignored since `D' is the default (see `U')
configure:6059: $? = 0
configure:6064: xiar cru libconftest.a @conftest.lst >&5
xiar: executing 'ar'
ar: `u' modifier ignored since `D' is the default (see `U')
ar: conftest.o: No such file or directory
configure:6067: $? = 1
configure:6079: result: @
configure:6137: checking for strip
configure:6153: found /usr/bin/strip
configure:6164: result: strip
configure:6236: checking for ranlib
configure:6252: found /usr/bin/ranlib
configure:6263: result: ranlib
configure:6365: checking command to parse /usr/bin/nm -B output from icc object
configure:6518: icc -c -g -O2 -fdebug-prefix-map=/dev/shm/builddeps/libedit-dev/libedit=. -fstack-protector-strong -Wformat -Werror=format-security -march=native -pipe -Wdate-time -D_FORTIFY_SOURCE=2 conftest.c >&5
configure:6521: $? = 0
configure:6525: /usr/bin/nm -B conftest.o | sed -n -e 's/^.*[	 ]\([ABCDGIRSTW][ABCDGIRSTW]*\)[	 ][	 ]*\([_A-Za-z][_A-Za-z0-9]*\)$/\1 \2 \2/p' | sed '/ __gnu_lto/d' > conftest.nm
configure:6591: icc -o conftest -g -O2 -fdebug-prefix-map=/dev/shm/builddeps/libedit-dev/libedit=. -fstack-protector-strong -Wformat -Werror=format-security -march=native -pipe -Wdate-time -D_FORTIFY_SOURCE=2 -Wl,-z,relro -Wl,--as-needed,--gc-sections,--relax conftest.c conftstm.o >&5
configure:6594: $? = 0
configure:6632: result: ok
configure:6679: checking for sysroot
configure:6709: result: no
configure:6716: checking for a working dd
configure:6754: result: /bin/dd
configure:6758: checking how to truncate binary pipes
configure:6773: result: /bin/dd bs=4096 count=1
configure:6909: icc -c -g -O2 -fdebug-prefix-map=/dev/shm/builddeps/libedit-dev/libedit=. -fstack-protector-strong -Wformat -Werror=format-security -march=native -pipe -Wdate-time -D_FORTIFY_SOURCE=2 conftest.c >&5
configure:6912: $? = 0
configure:7102: checking for mt
configure:7118: found /bin/mt
configure:7129: result: mt
configure:7152: checking if mt is a manifest tool
configure:7158: mt '-?'
configure:7166: result: no
configure:7840: checking for dlfcn.h
configure:7840: icc -c -g -O2 -fdebug-prefix-map=/dev/shm/builddeps/libedit-dev/libedit=. -fstack-protector-strong -Wformat -Werror=format-security -march=native -pipe -Wdate-time -D_FORTIFY_SOURCE=2 conftest.c >&5
configure:7840: $? = 0
configure:7840: result: yes
configure:8096: checking for objdir
configure:8111: result: .libs
configure:8375: checking if icc supports -fno-rtti -fno-exceptions
configure:8393: icc -c -g -O2 -fdebug-prefix-map=/dev/shm/builddeps/libedit-dev/libedit=. -fstack-protector-strong -Wformat -Werror=format-security -march=native -pipe -Wdate-time -D_FORTIFY_SOURCE=2 -fno-rtti -fno-exceptions conftest.c >&5
configure:8397: $? = 0
configure:8410: result: yes
configure:8768: checking for icc option to produce PIC
configure:8775: result: -fPIC -DPIC
configure:8783: checking if icc PIC flag -fPIC -DPIC works
configure:8801: icc -c -g -O2 -fdebug-prefix-map=/dev/shm/builddeps/libedit-dev/libedit=. -fstack-protector-strong -Wformat -Werror=format-security -march=native -pipe -Wdate-time -D_FORTIFY_SOURCE=2 -fPIC -DPIC -DPIC conftest.c >&5
configure:8805: $? = 0
configure:8818: result: yes
configure:8847: checking if icc static flag -static works
configure:8875: result: no
configure:8890: checking if icc supports -c -o file.o
configure:8911: icc -c -g -O2 -fdebug-prefix-map=/dev/shm/builddeps/libedit-dev/libedit=. -fstack-protector-strong -Wformat -Werror=format-security -march=native -pipe -Wdate-time -D_FORTIFY_SOURCE=2 -o out/conftest2.o conftest.c >&5
configure:8915: $? = 0
configure:8937: result: yes
configure:8945: checking if icc supports -c -o file.o
configure:8992: result: yes
configure:9025: checking whether the icc linker (xild -m elf_x86_64) supports shared libraries
configure:10288: result: yes
configure:10325: checking whether -lc should be explicitly linked in
configure:10333: icc -c -g -O2 -fdebug-prefix-map=/dev/shm/builddeps/libedit-dev/libedit=. -fstack-protector-strong -Wformat -Werror=format-security -march=native -pipe -Wdate-time -D_FORTIFY_SOURCE=2 conftest.c >&5
configure:10336: $? = 0
configure:10351: icc -shared  -fPIC -DPIC conftest.o  -v -Wl,-soname -Wl,conftest -o conftest 2\>\&1 \| /bin/grep  -lc  \>/dev/null 2\>\&1
configure:10354: $? = 0
configure:10368: result: no
configure:10528: checking dynamic linker characteristics
configure:11109: icc -o conftest -g -O2 -fdebug-prefix-map=/dev/shm/builddeps/libedit-dev/libedit=. -fstack-protector-strong -Wformat -Werror=format-security -march=native -pipe -Wdate-time -D_FORTIFY_SOURCE=2 -Wl,-z,relro -Wl,--as-needed,--gc-sections,--relax -Wl,-rpath -Wl,/foo conftest.c  >&5
configure:11109: $? = 0
configure:11358: result: GNU/Linux ld.so
configure:11480: checking how to hardcode library paths into programs
configure:11505: result: immediate
configure:12053: checking whether stripping libraries is possible
configure:12058: result: yes
configure:12093: checking if libtool supports shared libraries
configure:12095: result: yes
configure:12098: checking whether to build shared libraries
configure:12123: result: yes
configure:12126: checking whether to build static libraries
configure:12130: result: yes
configure:12183: checking whether make supports nested variables
configure:12200: result: yes
configure:12213: checking for icc option to accept ISO C99
configure:12362: icc  -c -g -O2 -fdebug-prefix-map=/dev/shm/builddeps/libedit-dev/libedit=. -fstack-protector-strong -Wformat -Werror=format-security -march=native -pipe -Wdate-time -D_FORTIFY_SOURCE=2 conftest.c >&5
configure:12362: $? = 0
configure:12375: result: none needed
configure:12391: checking whether ln -s works
configure:12395: result: yes
configure:12406: checking for gawk
configure:12433: result: gawk
configure:12451: checking for nroff
configure:12469: found /usr/bin/nroff
configure:12481: result: /usr/bin/nroff
configure:12499: checking for tgetent in -ltermcap
configure:12524: icc -o conftest -g -O2 -fdebug-prefix-map=/dev/shm/builddeps/libedit-dev/libedit=. -fstack-protector-strong -Wformat -Werror=format-security -march=native -pipe -Wdate-time -D_FORTIFY_SOURCE=2 -Wl,-z,relro -Wl,--as-needed,--gc-sections,--relax conftest.c -ltermcap   >&5
configure:12524: $? = 0
configure:12533: result: yes
configure:12696: checking for pkg-config
configure:12714: found /usr/bin/pkg-config
configure:12726: result: /usr/bin/pkg-config
configure:12751: checking pkg-config is at least version 0.9.0
configure:12754: result: yes
configure:12764: checking for LIBBSD
configure:12771: $PKG_CONFIG --exists --print-errors "libbsd-overlay"
configure:12774: $? = 0
configure:12788: $PKG_CONFIG --exists --print-errors "libbsd-overlay"
configure:12791: $? = 0
configure:12849: result: yes
configure:12860: checking if you want wide-character code
configure:12869: result: no
configure:12871: WARNING: --enable-widec is deprecated, wide-character/UTF-8 is always enabled
configure:12897: checking for dirent.h that defines DIR
configure:12916: icc -c -g -O2 -fdebug-prefix-map=/dev/shm/builddeps/libedit-dev/libedit=. -fstack-protector-strong -Wformat -Werror=format-security -march=native -pipe -isystem /usr/include/bsd -DLIBBSD_OVERLAY -Wdate-time -D_FORTIFY_SOURCE=2 conftest.c >&5
configure:12916: $? = 0
configure:12924: result: yes
configure:12937: checking for library containing opendir
configure:12968: icc -o conftest -g -O2 -fdebug-prefix-map=/dev/shm/builddeps/libedit-dev/libedit=. -fstack-protector-strong -Wformat -Werror=format-security -march=native -pipe -isystem /usr/include/bsd -DLIBBSD_OVERLAY -Wdate-time -D_FORTIFY_SOURCE=2 -Wl,-z,relro -Wl,--as-needed,--gc-sections,--relax conftest.c -ltermcap  -lbsd >&5
configure:12968: $? = 0
configure:12985: result: none required
configure:13052: checking for ANSI C header files
configure:13156: result: yes
configure:13164: checking for sys/wait.h that is POSIX.1 compatible
configure:13190: icc -c -g -O2 -fdebug-prefix-map=/dev/shm/builddeps/libedit-dev/libedit=. -fstack-protector-strong -Wformat -Werror=format-security -march=native -pipe -isystem /usr/include/bsd -DLIBBSD_OVERLAY -Wdate-time -D_FORTIFY_SOURCE=2 conftest.c >&5
configure:13190: $? = 0
configure:13197: result: yes
configure:13208: checking fcntl.h usability
configure:13208: icc -c -g -O2 -fdebug-prefix-map=/dev/shm/builddeps/libedit-dev/libedit=. -fstack-protector-strong -Wformat -Werror=format-security -march=native -pipe -isystem /usr/include/bsd -DLIBBSD_OVERLAY -Wdate-time -D_FORTIFY_SOURCE=2 conftest.c >&5
configure:13208: $? = 0
configure:13208: result: yes
configure:13208: checking fcntl.h presence
configure:13208: icc -E -Wdate-time -D_FORTIFY_SOURCE=2 conftest.c
configure:13208: $? = 0
configure:13208: result: yes
configure:13208: checking for fcntl.h
configure:13208: result: yes
configure:13208: checking limits.h usability
configure:13208: icc -c -g -O2 -fdebug-prefix-map=/dev/shm/builddeps/libedit-dev/libedit=. -fstack-protector-strong -Wformat -Werror=format-security -march=native -pipe -isystem /usr/include/bsd -DLIBBSD_OVERLAY -Wdate-time -D_FORTIFY_SOURCE=2 conftest.c >&5
configure:13208: $? = 0
configure:13208: result: yes
configure:13208: checking limits.h presence
configure:13208: icc -E -Wdate-time -D_FORTIFY_SOURCE=2 conftest.c
configure:13208: $? = 0
configure:13208: result: yes
configure:13208: checking for limits.h
configure:13208: result: yes
configure:13208: checking malloc.h usability
configure:13208: icc -c -g -O2 -fdebug-prefix-map=/dev/shm/builddeps/libedit-dev/libedit=. -fstack-protector-strong -Wformat -Werror=format-security -march=native -pipe -isystem /usr/include/bsd -DLIBBSD_OVERLAY -Wdate-time -D_FORTIFY_SOURCE=2 conftest.c >&5
configure:13208: $? = 0
configure:13208: result: yes
configure:13208: checking malloc.h presence
configure:13208: icc -E -Wdate-time -D_FORTIFY_SOURCE=2 conftest.c
configure:13208: $? = 0
configure:13208: result: yes
configure:13208: checking for malloc.h
configure:13208: result: yes
configure:13208: checking for stdlib.h
configure:13208: result: yes
configure:13208: checking for string.h
configure:13208: result: yes
configure:13208: checking sys/ioctl.h usability
configure:13208: icc -c -g -O2 -fdebug-prefix-map=/dev/shm/builddeps/libedit-dev/libedit=. -fstack-protector-strong -Wformat -Werror=format-security -march=native -pipe -isystem /usr/include/bsd -DLIBBSD_OVERLAY -Wdate-time -D_FORTIFY_SOURCE=2 conftest.c >&5
configure:13208: $? = 0
configure:13208: result: yes
configure:13208: checking sys/ioctl.h presence
configure:13208: icc -E -Wdate-time -D_FORTIFY_SOURCE=2 conftest.c
configure:13208: $? = 0
configure:13208: result: yes
configure:13208: checking for sys/ioctl.h
configure:13208: result: yes
configure:13208: checking sys/param.h usability
configure:13208: icc -c -g -O2 -fdebug-prefix-map=/dev/shm/builddeps/libedit-dev/libedit=. -fstack-protector-strong -Wformat -Werror=format-security -march=native -pipe -isystem /usr/include/bsd -DLIBBSD_OVERLAY -Wdate-time -D_FORTIFY_SOURCE=2 conftest.c >&5
configure:13208: $? = 0
configure:13208: result: yes
configure:13208: checking sys/param.h presence
configure:13208: icc -E -Wdate-time -D_FORTIFY_SOURCE=2 conftest.c
configure:13208: $? = 0
configure:13208: result: yes
configure:13208: checking for sys/param.h
configure:13208: result: yes
configure:13208: checking for unistd.h
configure:13208: result: yes
configure:13208: checking curses.h usability
configure:13208: icc -c -g -O2 -fdebug-prefix-map=/dev/shm/builddeps/libedit-dev/libedit=. -fstack-protector-strong -Wformat -Werror=format-security -march=native -pipe -isystem /usr/include/bsd -DLIBBSD_OVERLAY -Wdate-time -D_FORTIFY_SOURCE=2 conftest.c >&5
configure:13208: $? = 0
configure:13208: result: yes
configure:13208: checking curses.h presence
configure:13208: icc -E -Wdate-time -D_FORTIFY_SOURCE=2 conftest.c
configure:13208: $? = 0
configure:13208: result: yes
configure:13208: checking for curses.h
configure:13208: result: yes
configure:13208: checking ncurses.h usability
configure:13208: icc -c -g -O2 -fdebug-prefix-map=/dev/shm/builddeps/libedit-dev/libedit=. -fstack-protector-strong -Wformat -Werror=format-security -march=native -pipe -isystem /usr/include/bsd -DLIBBSD_OVERLAY -Wdate-time -D_FORTIFY_SOURCE=2 conftest.c >&5
configure:13208: $? = 0
configure:13208: result: yes
configure:13208: checking ncurses.h presence
configure:13208: icc -E -Wdate-time -D_FORTIFY_SOURCE=2 conftest.c
configure:13208: $? = 0
configure:13208: result: yes
configure:13208: checking for ncurses.h
configure:13208: result: yes
configure:13208: checking sys/cdefs.h usability
configure:13208: icc -c -g -O2 -fdebug-prefix-map=/dev/shm/builddeps/libedit-dev/libedit=. -fstack-protector-strong -Wformat -Werror=format-security -march=native -pipe -isystem /usr/include/bsd -DLIBBSD_OVERLAY -Wdate-time -D_FORTIFY_SOURCE=2 conftest.c >&5
configure:13208: $? = 0
configure:13208: result: yes
configure:13208: checking sys/cdefs.h presence
configure:13208: icc -E -Wdate-time -D_FORTIFY_SOURCE=2 conftest.c
configure:13208: $? = 0
configure:13208: result: yes
configure:13208: checking for sys/cdefs.h
configure:13208: result: yes
configure:13208: checking termcap.h usability
configure:13208: icc -c -g -O2 -fdebug-prefix-map=/dev/shm/builddeps/libedit-dev/libedit=. -fstack-protector-strong -Wformat -Werror=format-security -march=native -pipe -isystem /usr/include/bsd -DLIBBSD_OVERLAY -Wdate-time -D_FORTIFY_SOURCE=2 conftest.c >&5
configure:13208: $? = 0
configure:13208: result: yes
configure:13208: checking termcap.h presence
configure:13208: icc -E -Wdate-time -D_FORTIFY_SOURCE=2 conftest.c
configure:13208: $? = 0
configure:13208: result: yes
configure:13208: checking for termcap.h
configure:13208: result: yes
configure:13219: checking for termcap.h
configure:13219: result: yes
configure:13242: checking termios.h usability
configure:13242: icc -c -g -O2 -fdebug-prefix-map=/dev/shm/builddeps/libedit-dev/libedit=. -fstack-protector-strong -Wformat -Werror=format-security -march=native -pipe -isystem /usr/include/bsd -DLIBBSD_OVERLAY -Wdate-time -D_FORTIFY_SOURCE=2 conftest.c >&5
configure:13242: $? = 0
configure:13242: result: yes
configure:13242: checking termios.h presence
configure:13242: icc -E -Wdate-time -D_FORTIFY_SOURCE=2 conftest.c
configure:13242: $? = 0
configure:13242: result: yes
configure:13242: checking for termios.h
configure:13242: result: yes
configure:13254: checking for term.h
configure:13254: icc -c -g -O2 -fdebug-prefix-map=/dev/shm/builddeps/libedit-dev/libedit=. -fstack-protector-strong -Wformat -Werror=format-security -march=native -pipe -isystem /usr/include/bsd -DLIBBSD_OVERLAY -Wdate-time -D_FORTIFY_SOURCE=2 conftest.c >&5
configure:13254: $? = 0
configure:13254: result: yes
configure:13274: checking for struct dirent.d_namlen
configure:13274: icc -c -g -O2 -fdebug-prefix-map=/dev/shm/builddeps/libedit-dev/libedit=. -fstack-protector-strong -Wformat -Werror=format-security -march=native -pipe -isystem /usr/include/bsd -DLIBBSD_OVERLAY -Wdate-time -D_FORTIFY_SOURCE=2 conftest.c >&5
conftest.c(54): error: struct "dirent" has no field "d_namlen"
  if (ac_aggr.d_namlen)
              ^

compilation aborted for conftest.c (code 2)
configure:13274: $? = 2
configure: failed program was:
| /* confdefs.h */
| #define PACKAGE_NAME "libedit"
| #define PACKAGE_TARNAME "libedit-20181209"
| #define PACKAGE_VERSION "3.1"
| #define PACKAGE_STRING "libedit 3.1"
| #define PACKAGE_BUGREPORT ""
| #define PACKAGE_URL ""
| #define STDC_HEADERS 1
| #define HAVE_SYS_TYPES_H 1
| #define HAVE_SYS_STAT_H 1
| #define HAVE_STDLIB_H 1
| #define HAVE_STRING_H 1
| #define HAVE_MEMORY_H 1
| #define HAVE_STRINGS_H 1
| #define HAVE_INTTYPES_H 1
| #define HAVE_STDINT_H 1
| #define HAVE_UNISTD_H 1
| #define __EXTENSIONS__ 1
| #define _ALL_SOURCE 1
| #define _GNU_SOURCE 1
| #define _POSIX_PTHREAD_SEMANTICS 1
| #define _TANDEM_SOURCE 1
| #define PACKAGE "libedit-20181209"
| #define VERSION "3.1"
| #define HAVE_DLFCN_H 1
| #define LT_OBJDIR ".libs/"
| #define HAVE_LIBTERMCAP 1
| #define HAVE_DIRENT_H 1
| #define STDC_HEADERS 1
| #define HAVE_SYS_WAIT_H 1
| #define HAVE_FCNTL_H 1
| #define HAVE_LIMITS_H 1
| #define HAVE_MALLOC_H 1
| #define HAVE_STDLIB_H 1
| #define HAVE_STRING_H 1
| #define HAVE_SYS_IOCTL_H 1
| #define HAVE_SYS_PARAM_H 1
| #define HAVE_UNISTD_H 1
| #define HAVE_CURSES_H 1
| #define HAVE_NCURSES_H 1
| #define HAVE_SYS_CDEFS_H 1
| #define HAVE_TERMCAP_H 1
| #define HAVE_TERM_H 1
| /* end confdefs.h.  */
| #if HAVE_DIRENT_H
| #include <dirent.h>
| #endif
| 
| 
| int
| main ()
| {
| static struct dirent ac_aggr;
| if (ac_aggr.d_namlen)
| return 0;
|   ;
|   return 0;
| }
configure:13274: icc -c -g -O2 -fdebug-prefix-map=/dev/shm/builddeps/libedit-dev/libedit=. -fstack-protector-strong -Wformat -Werror=format-security -march=native -pipe -isystem /usr/include/bsd -DLIBBSD_OVERLAY -Wdate-time -D_FORTIFY_SOURCE=2 conftest.c >&5
conftest.c(54): error: struct "dirent" has no field "d_namlen"
  if (sizeof ac_aggr.d_namlen)
                     ^

compilation aborted for conftest.c (code 2)
configure:13274: $? = 2
configure: failed program was:
| /* confdefs.h */
| #define PACKAGE_NAME "libedit"
| #define PACKAGE_TARNAME "libedit-20181209"
| #define PACKAGE_VERSION "3.1"
| #define PACKAGE_STRING "libedit 3.1"
| #define PACKAGE_BUGREPORT ""
| #define PACKAGE_URL ""
| #define STDC_HEADERS 1
| #define HAVE_SYS_TYPES_H 1
| #define HAVE_SYS_STAT_H 1
| #define HAVE_STDLIB_H 1
| #define HAVE_STRING_H 1
| #define HAVE_MEMORY_H 1
| #define HAVE_STRINGS_H 1
| #define HAVE_INTTYPES_H 1
| #define HAVE_STDINT_H 1
| #define HAVE_UNISTD_H 1
| #define __EXTENSIONS__ 1
| #define _ALL_SOURCE 1
| #define _GNU_SOURCE 1
| #define _POSIX_PTHREAD_SEMANTICS 1
| #define _TANDEM_SOURCE 1
| #define PACKAGE "libedit-20181209"
| #define VERSION "3.1"
| #define HAVE_DLFCN_H 1
| #define LT_OBJDIR ".libs/"
| #define HAVE_LIBTERMCAP 1
| #define HAVE_DIRENT_H 1
| #define STDC_HEADERS 1
| #define HAVE_SYS_WAIT_H 1
| #define HAVE_FCNTL_H 1
| #define HAVE_LIMITS_H 1
| #define HAVE_MALLOC_H 1
| #define HAVE_STDLIB_H 1
| #define HAVE_STRING_H 1
| #define HAVE_SYS_IOCTL_H 1
| #define HAVE_SYS_PARAM_H 1
| #define HAVE_UNISTD_H 1
| #define HAVE_CURSES_H 1
| #define HAVE_NCURSES_H 1
| #define HAVE_SYS_CDEFS_H 1
| #define HAVE_TERMCAP_H 1
| #define HAVE_TERM_H 1
| /* end confdefs.h.  */
| #if HAVE_DIRENT_H
| #include <dirent.h>
| #endif
| 
| 
| int
| main ()
| {
| static struct dirent ac_aggr;
| if (sizeof ac_aggr.d_namlen)
| return 0;
|   ;
|   return 0;
| }
configure:13274: result: no
configure:13287: checking for an ANSI C-conforming const
configure:13353: icc -c -g -O2 -fdebug-prefix-map=/dev/shm/builddeps/libedit-dev/libedit=. -fstack-protector-strong -Wformat -Werror=format-security -march=native -pipe -isystem /usr/include/bsd -DLIBBSD_OVERLAY -Wdate-time -D_FORTIFY_SOURCE=2 conftest.c >&5
configure:13353: $? = 0
configure:13360: result: yes
configure:13368: checking for pid_t
configure:13368: icc -c -g -O2 -fdebug-prefix-map=/dev/shm/builddeps/libedit-dev/libedit=. -fstack-protector-strong -Wformat -Werror=format-security -march=native -pipe -isystem /usr/include/bsd -DLIBBSD_OVERLAY -Wdate-time -D_FORTIFY_SOURCE=2 conftest.c >&5
configure:13368: $? = 0
configure:13368: icc -c -g -O2 -fdebug-prefix-map=/dev/shm/builddeps/libedit-dev/libedit=. -fstack-protector-strong -Wformat -Werror=format-security -march=native -pipe -isystem /usr/include/bsd -DLIBBSD_OVERLAY -Wdate-time -D_FORTIFY_SOURCE=2 conftest.c >&5
conftest.c(81): error: expected an expression
  if (sizeof ((pid_t)))
                     ^

compilation aborted for conftest.c (code 2)
configure:13368: $? = 2
configure: failed program was:
| /* confdefs.h */
| #define PACKAGE_NAME "libedit"
| #define PACKAGE_TARNAME "libedit-20181209"
| #define PACKAGE_VERSION "3.1"
| #define PACKAGE_STRING "libedit 3.1"
| #define PACKAGE_BUGREPORT ""
| #define PACKAGE_URL ""
| #define STDC_HEADERS 1
| #define HAVE_SYS_TYPES_H 1
| #define HAVE_SYS_STAT_H 1
| #define HAVE_STDLIB_H 1
| #define HAVE_STRING_H 1
| #define HAVE_MEMORY_H 1
| #define HAVE_STRINGS_H 1
| #define HAVE_INTTYPES_H 1
| #define HAVE_STDINT_H 1
| #define HAVE_UNISTD_H 1
| #define __EXTENSIONS__ 1
| #define _ALL_SOURCE 1
| #define _GNU_SOURCE 1
| #define _POSIX_PTHREAD_SEMANTICS 1
| #define _TANDEM_SOURCE 1
| #define PACKAGE "libedit-20181209"
| #define VERSION "3.1"
| #define HAVE_DLFCN_H 1
| #define LT_OBJDIR ".libs/"
| #define HAVE_LIBTERMCAP 1
| #define HAVE_DIRENT_H 1
| #define STDC_HEADERS 1
| #define HAVE_SYS_WAIT_H 1
| #define HAVE_FCNTL_H 1
| #define HAVE_LIMITS_H 1
| #define HAVE_MALLOC_H 1
| #define HAVE_STDLIB_H 1
| #define HAVE_STRING_H 1
| #define HAVE_SYS_IOCTL_H 1
| #define HAVE_SYS_PARAM_H 1
| #define HAVE_UNISTD_H 1
| #define HAVE_CURSES_H 1
| #define HAVE_NCURSES_H 1
| #define HAVE_SYS_CDEFS_H 1
| #define HAVE_TERMCAP_H 1
| #define HAVE_TERM_H 1
| /* end confdefs.h.  */
| #include <stdio.h>
| #ifdef HAVE_SYS_TYPES_H
| # include <sys/types.h>
| #endif
| #ifdef HAVE_SYS_STAT_H
| # include <sys/stat.h>
| #endif
| #ifdef STDC_HEADERS
| # include <stdlib.h>
| # include <stddef.h>
| #else
| # ifdef HAVE_STDLIB_H
| #  include <stdlib.h>
| # endif
| #endif
| #ifdef HAVE_STRING_H
| # if !defined STDC_HEADERS && defined HAVE_MEMORY_H
| #  include <memory.h>
| # endif
| # include <string.h>
| #endif
| #ifdef HAVE_STRINGS_H
| # include <strings.h>
| #endif
| #ifdef HAVE_INTTYPES_H
| # include <inttypes.h>
| #endif
| #ifdef HAVE_STDINT_H
| # include <stdint.h>
| #endif
| #ifdef HAVE_UNISTD_H
| # include <unistd.h>
| #endif
| int
| main ()
| {
| if (sizeof ((pid_t)))
| 	    return 0;
|   ;
|   return 0;
| }
configure:13368: result: yes
configure:13379: checking for size_t
configure:13379: icc -c -g -O2 -fdebug-prefix-map=/dev/shm/builddeps/libedit-dev/libedit=. -fstack-protector-strong -Wformat -Werror=format-security -march=native -pipe -isystem /usr/include/bsd -DLIBBSD_OVERLAY -Wdate-time -D_FORTIFY_SOURCE=2 conftest.c >&5
configure:13379: $? = 0
configure:13379: icc -c -g -O2 -fdebug-prefix-map=/dev/shm/builddeps/libedit-dev/libedit=. -fstack-protector-strong -Wformat -Werror=format-security -march=native -pipe -isystem /usr/include/bsd -DLIBBSD_OVERLAY -Wdate-time -D_FORTIFY_SOURCE=2 conftest.c >&5
conftest.c(81): error: expected an expression
  if (sizeof ((size_t)))
                      ^

compilation aborted for conftest.c (code 2)
configure:13379: $? = 2
configure: failed program was:
| /* confdefs.h */
| #define PACKAGE_NAME "libedit"
| #define PACKAGE_TARNAME "libedit-20181209"
| #define PACKAGE_VERSION "3.1"
| #define PACKAGE_STRING "libedit 3.1"
| #define PACKAGE_BUGREPORT ""
| #define PACKAGE_URL ""
| #define STDC_HEADERS 1
| #define HAVE_SYS_TYPES_H 1
| #define HAVE_SYS_STAT_H 1
| #define HAVE_STDLIB_H 1
| #define HAVE_STRING_H 1
| #define HAVE_MEMORY_H 1
| #define HAVE_STRINGS_H 1
| #define HAVE_INTTYPES_H 1
| #define HAVE_STDINT_H 1
| #define HAVE_UNISTD_H 1
| #define __EXTENSIONS__ 1
| #define _ALL_SOURCE 1
| #define _GNU_SOURCE 1
| #define _POSIX_PTHREAD_SEMANTICS 1
| #define _TANDEM_SOURCE 1
| #define PACKAGE "libedit-20181209"
| #define VERSION "3.1"
| #define HAVE_DLFCN_H 1
| #define LT_OBJDIR ".libs/"
| #define HAVE_LIBTERMCAP 1
| #define HAVE_DIRENT_H 1
| #define STDC_HEADERS 1
| #define HAVE_SYS_WAIT_H 1
| #define HAVE_FCNTL_H 1
| #define HAVE_LIMITS_H 1
| #define HAVE_MALLOC_H 1
| #define HAVE_STDLIB_H 1
| #define HAVE_STRING_H 1
| #define HAVE_SYS_IOCTL_H 1
| #define HAVE_SYS_PARAM_H 1
| #define HAVE_UNISTD_H 1
| #define HAVE_CURSES_H 1
| #define HAVE_NCURSES_H 1
| #define HAVE_SYS_CDEFS_H 1
| #define HAVE_TERMCAP_H 1
| #define HAVE_TERM_H 1
| /* end confdefs.h.  */
| #include <stdio.h>
| #ifdef HAVE_SYS_TYPES_H
| # include <sys/types.h>
| #endif
| #ifdef HAVE_SYS_STAT_H
| # include <sys/stat.h>
| #endif
| #ifdef STDC_HEADERS
| # include <stdlib.h>
| # include <stddef.h>
| #else
| # ifdef HAVE_STDLIB_H
| #  include <stdlib.h>
| # endif
| #endif
| #ifdef HAVE_STRING_H
| # if !defined STDC_HEADERS && defined HAVE_MEMORY_H
| #  include <memory.h>
| # endif
| # include <string.h>
| #endif
| #ifdef HAVE_STRINGS_H
| # include <strings.h>
| #endif
| #ifdef HAVE_INTTYPES_H
| # include <inttypes.h>
| #endif
| #ifdef HAVE_STDINT_H
| # include <stdint.h>
| #endif
| #ifdef HAVE_UNISTD_H
| # include <unistd.h>
| #endif
| int
| main ()
| {
| if (sizeof ((size_t)))
| 	    return 0;
|   ;
|   return 0;
| }
configure:13379: result: yes
configure:13390: checking for u_int32_t
configure:13390: icc -c -g -O2 -fdebug-prefix-map=/dev/shm/builddeps/libedit-dev/libedit=. -fstack-protector-strong -Wformat -Werror=format-security -march=native -pipe -isystem /usr/include/bsd -DLIBBSD_OVERLAY -Wdate-time -D_FORTIFY_SOURCE=2 conftest.c >&5
configure:13390: $? = 0
configure:13390: icc -c -g -O2 -fdebug-prefix-map=/dev/shm/builddeps/libedit-dev/libedit=. -fstack-protector-strong -Wformat -Werror=format-security -march=native -pipe -isystem /usr/include/bsd -DLIBBSD_OVERLAY -Wdate-time -D_FORTIFY_SOURCE=2 conftest.c >&5
conftest.c(81): error: expected an expression
  if (sizeof ((u_int32_t)))
                         ^

compilation aborted for conftest.c (code 2)
configure:13390: $? = 2
configure: failed program was:
| /* confdefs.h */
| #define PACKAGE_NAME "libedit"
| #define PACKAGE_TARNAME "libedit-20181209"
| #define PACKAGE_VERSION "3.1"
| #define PACKAGE_STRING "libedit 3.1"
| #define PACKAGE_BUGREPORT ""
| #define PACKAGE_URL ""
| #define STDC_HEADERS 1
| #define HAVE_SYS_TYPES_H 1
| #define HAVE_SYS_STAT_H 1
| #define HAVE_STDLIB_H 1
| #define HAVE_STRING_H 1
| #define HAVE_MEMORY_H 1
| #define HAVE_STRINGS_H 1
| #define HAVE_INTTYPES_H 1
| #define HAVE_STDINT_H 1
| #define HAVE_UNISTD_H 1
| #define __EXTENSIONS__ 1
| #define _ALL_SOURCE 1
| #define _GNU_SOURCE 1
| #define _POSIX_PTHREAD_SEMANTICS 1
| #define _TANDEM_SOURCE 1
| #define PACKAGE "libedit-20181209"
| #define VERSION "3.1"
| #define HAVE_DLFCN_H 1
| #define LT_OBJDIR ".libs/"
| #define HAVE_LIBTERMCAP 1
| #define HAVE_DIRENT_H 1
| #define STDC_HEADERS 1
| #define HAVE_SYS_WAIT_H 1
| #define HAVE_FCNTL_H 1
| #define HAVE_LIMITS_H 1
| #define HAVE_MALLOC_H 1
| #define HAVE_STDLIB_H 1
| #define HAVE_STRING_H 1
| #define HAVE_SYS_IOCTL_H 1
| #define HAVE_SYS_PARAM_H 1
| #define HAVE_UNISTD_H 1
| #define HAVE_CURSES_H 1
| #define HAVE_NCURSES_H 1
| #define HAVE_SYS_CDEFS_H 1
| #define HAVE_TERMCAP_H 1
| #define HAVE_TERM_H 1
| /* end confdefs.h.  */
| #include <stdio.h>
| #ifdef HAVE_SYS_TYPES_H
| # include <sys/types.h>
| #endif
| #ifdef HAVE_SYS_STAT_H
| # include <sys/stat.h>
| #endif
| #ifdef STDC_HEADERS
| # include <stdlib.h>
| # include <stddef.h>
| #else
| # ifdef HAVE_STDLIB_H
| #  include <stdlib.h>
| # endif
| #endif
| #ifdef HAVE_STRING_H
| # if !defined STDC_HEADERS && defined HAVE_MEMORY_H
| #  include <memory.h>
| # endif
| # include <string.h>
| #endif
| #ifdef HAVE_STRINGS_H
| # include <strings.h>
| #endif
| #ifdef HAVE_INTTYPES_H
| # include <inttypes.h>
| #endif
| #ifdef HAVE_STDINT_H
| # include <stdint.h>
| #endif
| #ifdef HAVE_UNISTD_H
| # include <unistd.h>
| #endif
| int
| main ()
| {
| if (sizeof ((u_int32_t)))
| 	    return 0;
|   ;
|   return 0;
| }
configure:13390: result: yes
configure:13402: checking whether closedir returns void
configure:13426: icc -o conftest -g -O2 -fdebug-prefix-map=/dev/shm/builddeps/libedit-dev/libedit=. -fstack-protector-strong -Wformat -Werror=format-security -march=native -pipe -isystem /usr/include/bsd -DLIBBSD_OVERLAY -Wdate-time -D_FORTIFY_SOURCE=2 -Wl,-z,relro -Wl,--as-needed,--gc-sections,--relax conftest.c -ltermcap  -lbsd >&5
configure:13426: $? = 0
configure:13426: ./conftest
configure:13426: $? = 0
configure:13436: result: no
configure:13446: checking vfork.h usability
configure:13446: icc -c -g -O2 -fdebug-prefix-map=/dev/shm/builddeps/libedit-dev/libedit=. -fstack-protector-strong -Wformat -Werror=format-security -march=native -pipe -isystem /usr/include/bsd -DLIBBSD_OVERLAY -Wdate-time -D_FORTIFY_SOURCE=2 conftest.c >&5
conftest.c(79): catastrophic error: cannot open source file "vfork.h"
  #include <vfork.h>
                    ^

compilation aborted for conftest.c (code 4)
configure:13446: $? = 4
configure: failed program was:
| /* confdefs.h */
| #define PACKAGE_NAME "libedit"
| #define PACKAGE_TARNAME "libedit-20181209"
| #define PACKAGE_VERSION "3.1"
| #define PACKAGE_STRING "libedit 3.1"
| #define PACKAGE_BUGREPORT ""
| #define PACKAGE_URL ""
| #define STDC_HEADERS 1
| #define HAVE_SYS_TYPES_H 1
| #define HAVE_SYS_STAT_H 1
| #define HAVE_STDLIB_H 1
| #define HAVE_STRING_H 1
| #define HAVE_MEMORY_H 1
| #define HAVE_STRINGS_H 1
| #define HAVE_INTTYPES_H 1
| #define HAVE_STDINT_H 1
| #define HAVE_UNISTD_H 1
| #define __EXTENSIONS__ 1
| #define _ALL_SOURCE 1
| #define _GNU_SOURCE 1
| #define _POSIX_PTHREAD_SEMANTICS 1
| #define _TANDEM_SOURCE 1
| #define PACKAGE "libedit-20181209"
| #define VERSION "3.1"
| #define HAVE_DLFCN_H 1
| #define LT_OBJDIR ".libs/"
| #define HAVE_LIBTERMCAP 1
| #define HAVE_DIRENT_H 1
| #define STDC_HEADERS 1
| #define HAVE_SYS_WAIT_H 1
| #define HAVE_FCNTL_H 1
| #define HAVE_LIMITS_H 1
| #define HAVE_MALLOC_H 1
| #define HAVE_STDLIB_H 1
| #define HAVE_STRING_H 1
| #define HAVE_SYS_IOCTL_H 1
| #define HAVE_SYS_PARAM_H 1
| #define HAVE_UNISTD_H 1
| #define HAVE_CURSES_H 1
| #define HAVE_NCURSES_H 1
| #define HAVE_SYS_CDEFS_H 1
| #define HAVE_TERMCAP_H 1
| #define HAVE_TERM_H 1
| #define HAVE_U_INT32_T 1
| /* end confdefs.h.  */
| #include <stdio.h>
| #ifdef HAVE_SYS_TYPES_H
| # include <sys/types.h>
| #endif
| #ifdef HAVE_SYS_STAT_H
| # include <sys/stat.h>
| #endif
| #ifdef STDC_HEADERS
| # include <stdlib.h>
| # include <stddef.h>
| #else
| # ifdef HAVE_STDLIB_H
| #  include <stdlib.h>
| # endif
| #endif
| #ifdef HAVE_STRING_H
| # if !defined STDC_HEADERS && defined HAVE_MEMORY_H
| #  include <memory.h>
| # endif
| # include <string.h>
| #endif
| #ifdef HAVE_STRINGS_H
| # include <strings.h>
| #endif
| #ifdef HAVE_INTTYPES_H
| # include <inttypes.h>
| #endif
| #ifdef HAVE_STDINT_H
| # include <stdint.h>
| #endif
| #ifdef HAVE_UNISTD_H
| # include <unistd.h>
| #endif
| #include <vfork.h>
configure:13446: result: no
configure:13446: checking vfork.h presence
configure:13446: icc -E -Wdate-time -D_FORTIFY_SOURCE=2 conftest.c
conftest.c(46): error #2379: cannot open source file "vfork.h"
  #include <vfork.h>
                    ^

configure:13446: $? = 2
configure: failed program was:
| /* confdefs.h */
| #define PACKAGE_NAME "libedit"
| #define PACKAGE_TARNAME "libedit-20181209"
| #define PACKAGE_VERSION "3.1"
| #define PACKAGE_STRING "libedit 3.1"
| #define PACKAGE_BUGREPORT ""
| #define PACKAGE_URL ""
| #define STDC_HEADERS 1
| #define HAVE_SYS_TYPES_H 1
| #define HAVE_SYS_STAT_H 1
| #define HAVE_STDLIB_H 1
| #define HAVE_STRING_H 1
| #define HAVE_MEMORY_H 1
| #define HAVE_STRINGS_H 1
| #define HAVE_INTTYPES_H 1
| #define HAVE_STDINT_H 1
| #define HAVE_UNISTD_H 1
| #define __EXTENSIONS__ 1
| #define _ALL_SOURCE 1
| #define _GNU_SOURCE 1
| #define _POSIX_PTHREAD_SEMANTICS 1
| #define _TANDEM_SOURCE 1
| #define PACKAGE "libedit-20181209"
| #define VERSION "3.1"
| #define HAVE_DLFCN_H 1
| #define LT_OBJDIR ".libs/"
| #define HAVE_LIBTERMCAP 1
| #define HAVE_DIRENT_H 1
| #define STDC_HEADERS 1
| #define HAVE_SYS_WAIT_H 1
| #define HAVE_FCNTL_H 1
| #define HAVE_LIMITS_H 1
| #define HAVE_MALLOC_H 1
| #define HAVE_STDLIB_H 1
| #define HAVE_STRING_H 1
| #define HAVE_SYS_IOCTL_H 1
| #define HAVE_SYS_PARAM_H 1
| #define HAVE_UNISTD_H 1
| #define HAVE_CURSES_H 1
| #define HAVE_NCURSES_H 1
| #define HAVE_SYS_CDEFS_H 1
| #define HAVE_TERMCAP_H 1
| #define HAVE_TERM_H 1
| #define HAVE_U_INT32_T 1
| /* end confdefs.h.  */
| #include <vfork.h>
configure:13446: result: no
configure:13446: checking for vfork.h
configure:13446: result: no
configure:13459: checking for fork
configure:13459: icc -o conftest -g -O2 -fdebug-prefix-map=/dev/shm/builddeps/libedit-dev/libedit=. -fstack-protector-strong -Wformat -Werror=format-security -march=native -pipe -isystem /usr/include/bsd -DLIBBSD_OVERLAY -Wdate-time -D_FORTIFY_SOURCE=2 -Wl,-z,relro -Wl,--as-needed,--gc-sections,--relax conftest.c -ltermcap  -lbsd >&5
configure:13459: $? = 0
configure:13459: result: yes
configure:13459: checking for vfork
configure:13459: icc -o conftest -g -O2 -fdebug-prefix-map=/dev/shm/builddeps/libedit-dev/libedit=. -fstack-protector-strong -Wformat -Werror=format-security -march=native -pipe -isystem /usr/include/bsd -DLIBBSD_OVERLAY -Wdate-time -D_FORTIFY_SOURCE=2 -Wl,-z,relro -Wl,--as-needed,--gc-sections,--relax conftest.c -ltermcap  -lbsd >&5
configure:13459: $? = 0
configure:13459: result: yes
configure:13469: checking for working fork
configure:13491: icc -o conftest -g -O2 -fdebug-prefix-map=/dev/shm/builddeps/libedit-dev/libedit=. -fstack-protector-strong -Wformat -Werror=format-security -march=native -pipe -isystem /usr/include/bsd -DLIBBSD_OVERLAY -Wdate-time -D_FORTIFY_SOURCE=2 -Wl,-z,relro -Wl,--as-needed,--gc-sections,--relax conftest.c -ltermcap  -lbsd >&5
configure:13491: $? = 0
configure:13491: ./conftest
configure:13491: $? = 0
configure:13501: result: yes
configure:13522: checking for working vfork
configure:13632: result: yes
configure:13658: checking whether icc needs -traditional
configure:13692: result: no
configure:13702: checking return type of signal handlers
configure:13720: icc -c -g -O2 -fdebug-prefix-map=/dev/shm/builddeps/libedit-dev/libedit=. -fstack-protector-strong -Wformat -Werror=format-security -march=native -pipe -isystem /usr/include/bsd -DLIBBSD_OVERLAY -Wdate-time -D_FORTIFY_SOURCE=2 conftest.c >&5
conftest.c(56): error: operand of "*" must be a pointer
  return *(signal (0, 0)) (0) == 1;
          ^

compilation aborted for conftest.c (code 2)
configure:13720: $? = 2
configure: failed program was:
| /* confdefs.h */
| #define PACKAGE_NAME "libedit"
| #define PACKAGE_TARNAME "libedit-20181209"
| #define PACKAGE_VERSION "3.1"
| #define PACKAGE_STRING "libedit 3.1"
| #define PACKAGE_BUGREPORT ""
| #define PACKAGE_URL ""
| #define STDC_HEADERS 1
| #define HAVE_SYS_TYPES_H 1
| #define HAVE_SYS_STAT_H 1
| #define HAVE_STDLIB_H 1
| #define HAVE_STRING_H 1
| #define HAVE_MEMORY_H 1
| #define HAVE_STRINGS_H 1
| #define HAVE_INTTYPES_H 1
| #define HAVE_STDINT_H 1
| #define HAVE_UNISTD_H 1
| #define __EXTENSIONS__ 1
| #define _ALL_SOURCE 1
| #define _GNU_SOURCE 1
| #define _POSIX_PTHREAD_SEMANTICS 1
| #define _TANDEM_SOURCE 1
| #define PACKAGE "libedit-20181209"
| #define VERSION "3.1"
| #define HAVE_DLFCN_H 1
| #define LT_OBJDIR ".libs/"
| #define HAVE_LIBTERMCAP 1
| #define HAVE_DIRENT_H 1
| #define STDC_HEADERS 1
| #define HAVE_SYS_WAIT_H 1
| #define HAVE_FCNTL_H 1
| #define HAVE_LIMITS_H 1
| #define HAVE_MALLOC_H 1
| #define HAVE_STDLIB_H 1
| #define HAVE_STRING_H 1
| #define HAVE_SYS_IOCTL_H 1
| #define HAVE_SYS_PARAM_H 1
| #define HAVE_UNISTD_H 1
| #define HAVE_CURSES_H 1
| #define HAVE_NCURSES_H 1
| #define HAVE_SYS_CDEFS_H 1
| #define HAVE_TERMCAP_H 1
| #define HAVE_TERM_H 1
| #define HAVE_U_INT32_T 1
| #define HAVE_FORK 1
| #define HAVE_VFORK 1
| #define HAVE_WORKING_VFORK 1
| #define HAVE_WORKING_FORK 1
| /* end confdefs.h.  */
| #include <sys/types.h>
| #include <signal.h>
| 
| int
| main ()
| {
| return *(signal (0, 0)) (0) == 1;
|   ;
|   return 0;
| }
configure:13727: result: void
configure:13735: checking whether lstat correctly handles trailing slash
configure:13761: icc -o conftest -g -O2 -fdebug-prefix-map=/dev/shm/builddeps/libedit-dev/libedit=. -fstack-protector-strong -Wformat -Werror=format-security -march=native -pipe -isystem /usr/include/bsd -DLIBBSD_OVERLAY -Wdate-time -D_FORTIFY_SOURCE=2 -Wl,-z,relro -Wl,--as-needed,--gc-sections,--relax conftest.c -ltermcap  -lbsd >&5
configure:13761: $? = 0
configure:13761: ./conftest
configure:13761: $? = 0
configure:13778: result: yes
configure:13797: checking whether stat accepts an empty string
configure:13817: icc -o conftest -g -O2 -fdebug-prefix-map=/dev/shm/builddeps/libedit-dev/libedit=. -fstack-protector-strong -Wformat -Werror=format-security -march=native -pipe -isystem /usr/include/bsd -DLIBBSD_OVERLAY -Wdate-time -D_FORTIFY_SOURCE=2 -Wl,-z,relro -Wl,--as-needed,--gc-sections,--relax conftest.c -ltermcap  -lbsd >&5
configure:13817: $? = 0
configure:13817: ./conftest
configure:13817: $? = 0
configure:13827: result: no
configure:13846: checking for endpwent
configure:13846: icc -o conftest -g -O2 -fdebug-prefix-map=/dev/shm/builddeps/libedit-dev/libedit=. -fstack-protector-strong -Wformat -Werror=format-security -march=native -pipe -isystem /usr/include/bsd -DLIBBSD_OVERLAY -Wdate-time -D_FORTIFY_SOURCE=2 -Wl,-z,relro -Wl,--as-needed,--gc-sections,--relax conftest.c -ltermcap  -lbsd >&5
configure:13846: $? = 0
configure:13846: result: yes
configure:13846: checking for isascii
configure:13846: icc -o conftest -g -O2 -fdebug-prefix-map=/dev/shm/builddeps/libedit-dev/libedit=. -fstack-protector-strong -Wformat -Werror=format-security -march=native -pipe -isystem /usr/include/bsd -DLIBBSD_OVERLAY -Wdate-time -D_FORTIFY_SOURCE=2 -Wl,-z,relro -Wl,--as-needed,--gc-sections,--relax conftest.c -ltermcap  -lbsd >&5
configure:13846: $? = 0
configure:13846: result: yes
configure:13846: checking for memchr
configure:13846: icc -o conftest -g -O2 -fdebug-prefix-map=/dev/shm/builddeps/libedit-dev/libedit=. -fstack-protector-strong -Wformat -Werror=format-security -march=native -pipe -isystem /usr/include/bsd -DLIBBSD_OVERLAY -Wdate-time -D_FORTIFY_SOURCE=2 -Wl,-z,relro -Wl,--as-needed,--gc-sections,--relax conftest.c -ltermcap  -lbsd >&5
configure:13846: $? = 0
configure:13846: result: yes
configure:13846: checking for memset
configure:13846: icc -o conftest -g -O2 -fdebug-prefix-map=/dev/shm/builddeps/libedit-dev/libedit=. -fstack-protector-strong -Wformat -Werror=format-security -march=native -pipe -isystem /usr/include/bsd -DLIBBSD_OVERLAY -Wdate-time -D_FORTIFY_SOURCE=2 -Wl,-z,relro -Wl,--as-needed,--gc-sections,--relax conftest.c -ltermcap  -lbsd >&5
configure:13846: $? = 0
configure:13846: result: yes
configure:13846: checking for re_comp
configure:13846: icc -o conftest -g -O2 -fdebug-prefix-map=/dev/shm/builddeps/libedit-dev/libedit=. -fstack-protector-strong -Wformat -Werror=format-security -march=native -pipe -isystem /usr/include/bsd -DLIBBSD_OVERLAY -Wdate-time -D_FORTIFY_SOURCE=2 -Wl,-z,relro -Wl,--as-needed,--gc-sections,--relax conftest.c -ltermcap  -lbsd >&5
configure:13846: $? = 0
configure:13846: result: yes
configure:13846: checking for regcomp
configure:13846: icc -o conftest -g -O2 -fdebug-prefix-map=/dev/shm/builddeps/libedit-dev/libedit=. -fstack-protector-strong -Wformat -Werror=format-security -march=native -pipe -isystem /usr/include/bsd -DLIBBSD_OVERLAY -Wdate-time -D_FORTIFY_SOURCE=2 -Wl,-z,relro -Wl,--as-needed,--gc-sections,--relax conftest.c -ltermcap  -lbsd >&5
configure:13846: $? = 0
configure:13846: result: yes
configure:13846: checking for strcasecmp
configure:13846: icc -o conftest -g -O2 -fdebug-prefix-map=/dev/shm/builddeps/libedit-dev/libedit=. -fstack-protector-strong -Wformat -Werror=format-security -march=native -pipe -isystem /usr/include/bsd -DLIBBSD_OVERLAY -Wdate-time -D_FORTIFY_SOURCE=2 -Wl,-z,relro -Wl,--as-needed,--gc-sections,--relax conftest.c -ltermcap  -lbsd >&5
configure:13846: $? = 0
configure:13846: result: yes
configure:13846: checking for strchr
configure:13846: icc -o conftest -g -O2 -fdebug-prefix-map=/dev/shm/builddeps/libedit-dev/libedit=. -fstack-protector-strong -Wformat -Werror=format-security -march=native -pipe -isystem /usr/include/bsd -DLIBBSD_OVERLAY -Wdate-time -D_FORTIFY_SOURCE=2 -Wl,-z,relro -Wl,--as-needed,--gc-sections,--relax conftest.c -ltermcap  -lbsd >&5
configure:13846: $? = 0
configure:13846: result: yes
configure:13846: checking for strcspn
configure:13846: icc -o conftest -g -O2 -fdebug-prefix-map=/dev/shm/builddeps/libedit-dev/libedit=. -fstack-protector-strong -Wformat -Werror=format-security -march=native -pipe -isystem /usr/include/bsd -DLIBBSD_OVERLAY -Wdate-time -D_FORTIFY_SOURCE=2 -Wl,-z,relro -Wl,--as-needed,--gc-sections,--relax conftest.c -ltermcap  -lbsd >&5
configure:13846: $? = 0
configure:13846: result: yes
configure:13846: checking for strdup
configure:13846: icc -o conftest -g -O2 -fdebug-prefix-map=/dev/shm/builddeps/libedit-dev/libedit=. -fstack-protector-strong -Wformat -Werror=format-security -march=native -pipe -isystem /usr/include/bsd -DLIBBSD_OVERLAY -Wdate-time -D_FORTIFY_SOURCE=2 -Wl,-z,relro -Wl,--as-needed,--gc-sections,--relax conftest.c -ltermcap  -lbsd >&5
configure:13846: $? = 0
configure:13846: result: yes
configure:13846: checking for strerror
configure:13846: icc -o conftest -g -O2 -fdebug-prefix-map=/dev/shm/builddeps/libedit-dev/libedit=. -fstack-protector-strong -Wformat -Werror=format-security -march=native -pipe -isystem /usr/include/bsd -DLIBBSD_OVERLAY -Wdate-time -D_FORTIFY_SOURCE=2 -Wl,-z,relro -Wl,--as-needed,--gc-sections,--relax conftest.c -ltermcap  -lbsd >&5
configure:13846: $? = 0
configure:13846: result: yes
configure:13846: checking for strrchr
configure:13846: icc -o conftest -g -O2 -fdebug-prefix-map=/dev/shm/builddeps/libedit-dev/libedit=. -fstack-protector-strong -Wformat -Werror=format-security -march=native -pipe -isystem /usr/include/bsd -DLIBBSD_OVERLAY -Wdate-time -D_FORTIFY_SOURCE=2 -Wl,-z,relro -Wl,--as-needed,--gc-sections,--relax conftest.c -ltermcap  -lbsd >&5
configure:13846: $? = 0
configure:13846: result: yes
configure:13846: checking for strstr
configure:13846: icc -o conftest -g -O2 -fdebug-prefix-map=/dev/shm/builddeps/libedit-dev/libedit=. -fstack-protector-strong -Wformat -Werror=format-security -march=native -pipe -isystem /usr/include/bsd -DLIBBSD_OVERLAY -Wdate-time -D_FORTIFY_SOURCE=2 -Wl,-z,relro -Wl,--as-needed,--gc-sections,--relax conftest.c -ltermcap  -lbsd >&5
configure:13846: $? = 0
configure:13846: result: yes
configure:13846: checking for strtol
configure:13846: icc -o conftest -g -O2 -fdebug-prefix-map=/dev/shm/builddeps/libedit-dev/libedit=. -fstack-protector-strong -Wformat -Werror=format-security -march=native -pipe -isystem /usr/include/bsd -DLIBBSD_OVERLAY -Wdate-time -D_FORTIFY_SOURCE=2 -Wl,-z,relro -Wl,--as-needed,--gc-sections,--relax conftest.c -ltermcap  -lbsd >&5
configure:13846: $? = 0
configure:13846: result: yes
configure:13846: checking for issetugid
configure:13846: icc -o conftest -g -O2 -fdebug-prefix-map=/dev/shm/builddeps/libedit-dev/libedit=. -fstack-protector-strong -Wformat -Werror=format-security -march=native -pipe -isystem /usr/include/bsd -DLIBBSD_OVERLAY -Wdate-time -D_FORTIFY_SOURCE=2 -Wl,-z,relro -Wl,--as-needed,--gc-sections,--relax conftest.c -ltermcap  -lbsd >&5
x86_64-linux-gnu-ld: /tmp/ipo_iccuNXN2Z.o: in function `main':
/dev/shm/builddeps/libedit-dev/libedit/conftest.c:100: undefined reference to `issetugid'
configure:13846: $? = 1
configure: failed program was:
| /* confdefs.h */
| #define PACKAGE_NAME "libedit"
| #define PACKAGE_TARNAME "libedit-20181209"
| #define PACKAGE_VERSION "3.1"
| #define PACKAGE_STRING "libedit 3.1"
| #define PACKAGE_BUGREPORT ""
| #define PACKAGE_URL ""
| #define STDC_HEADERS 1
| #define HAVE_SYS_TYPES_H 1
| #define HAVE_SYS_STAT_H 1
| #define HAVE_STDLIB_H 1
| #define HAVE_STRING_H 1
| #define HAVE_MEMORY_H 1
| #define HAVE_STRINGS_H 1
| #define HAVE_INTTYPES_H 1
| #define HAVE_STDINT_H 1
| #define HAVE_UNISTD_H 1
| #define __EXTENSIONS__ 1
| #define _ALL_SOURCE 1
| #define _GNU_SOURCE 1
| #define _POSIX_PTHREAD_SEMANTICS 1
| #define _TANDEM_SOURCE 1
| #define PACKAGE "libedit-20181209"
| #define VERSION "3.1"
| #define HAVE_DLFCN_H 1
| #define LT_OBJDIR ".libs/"
| #define HAVE_LIBTERMCAP 1
| #define HAVE_DIRENT_H 1
| #define STDC_HEADERS 1
| #define HAVE_SYS_WAIT_H 1
| #define HAVE_FCNTL_H 1
| #define HAVE_LIMITS_H 1
| #define HAVE_MALLOC_H 1
| #define HAVE_STDLIB_H 1
| #define HAVE_STRING_H 1
| #define HAVE_SYS_IOCTL_H 1
| #define HAVE_SYS_PARAM_H 1
| #define HAVE_UNISTD_H 1
| #define HAVE_CURSES_H 1
| #define HAVE_NCURSES_H 1
| #define HAVE_SYS_CDEFS_H 1
| #define HAVE_TERMCAP_H 1
| #define HAVE_TERM_H 1
| #define HAVE_U_INT32_T 1
| #define HAVE_FORK 1
| #define HAVE_VFORK 1
| #define HAVE_WORKING_VFORK 1
| #define HAVE_WORKING_FORK 1
| #define RETSIGTYPE void
| #define LSTAT_FOLLOWS_SLASHED_SYMLINK 1
| #define HAVE_ENDPWENT 1
| #define HAVE_ISASCII 1
| #define HAVE_MEMCHR 1
| #define HAVE_MEMSET 1
| #define HAVE_RE_COMP 1
| #define HAVE_REGCOMP 1
| #define HAVE_STRCASECMP 1
| #define HAVE_STRCHR 1
| #define HAVE_STRCSPN 1
| #define HAVE_STRDUP 1
| #define HAVE_STRERROR 1
| #define HAVE_STRRCHR 1
| #define HAVE_STRSTR 1
| #define HAVE_STRTOL 1
| /* end confdefs.h.  */
| /* Define issetugid to an innocuous variant, in case <limits.h> declares issetugid.
|    For example, HP-UX 11i <limits.h> declares gettimeofday.  */
| #define issetugid innocuous_issetugid
| 
| /* System header to define __stub macros and hopefully few prototypes,
|     which can conflict with char issetugid (); below.
|     Prefer <limits.h> to <assert.h> if __STDC__ is defined, since
|     <limits.h> exists even on freestanding compilers.  */
| 
| #ifdef __STDC__
| # include <limits.h>
| #else
| # include <assert.h>
| #endif
| 
| #undef issetugid
| 
| /* Override any GCC internal prototype to avoid an error.
|    Use char because int might match the return type of a GCC
|    builtin and then its argument prototype would still apply.  */
| #ifdef __cplusplus
| extern "C"
| #endif
| char issetugid ();
| /* The GNU C library defines this for functions which it implements
|     to always fail with ENOSYS.  Some functions are actually named
|     something starting with __ and the normal name is an alias.  */
| #if defined __stub_issetugid || defined __stub___issetugid
| choke me
| #endif
| 
| int
| main ()
| {
| return issetugid ();
|   ;
|   return 0;
| }
configure:13846: result: no
configure:13846: checking for getline
configure:13846: icc -o conftest -g -O2 -fdebug-prefix-map=/dev/shm/builddeps/libedit-dev/libedit=. -fstack-protector-strong -Wformat -Werror=format-security -march=native -pipe -isystem /usr/include/bsd -DLIBBSD_OVERLAY -Wdate-time -D_FORTIFY_SOURCE=2 -Wl,-z,relro -Wl,--as-needed,--gc-sections,--relax conftest.c -ltermcap  -lbsd >&5
configure:13846: $? = 0
configure:13846: result: yes
configure:13846: checking for __secure_getenv
configure:13846: icc -o conftest -g -O2 -fdebug-prefix-map=/dev/shm/builddeps/libedit-dev/libedit=. -fstack-protector-strong -Wformat -Werror=format-security -march=native -pipe -isystem /usr/include/bsd -DLIBBSD_OVERLAY -Wdate-time -D_FORTIFY_SOURCE=2 -Wl,-z,relro -Wl,--as-needed,--gc-sections,--relax conftest.c -ltermcap  -lbsd >&5
x86_64-linux-gnu-ld: /tmp/ipo_iccAwiqJE.o: in function `main':
/dev/shm/builddeps/libedit-dev/libedit/conftest.c:101: undefined reference to `__secure_getenv'
configure:13846: $? = 1
configure: failed program was:
| /* confdefs.h */
| #define PACKAGE_NAME "libedit"
| #define PACKAGE_TARNAME "libedit-20181209"
| #define PACKAGE_VERSION "3.1"
| #define PACKAGE_STRING "libedit 3.1"
| #define PACKAGE_BUGREPORT ""
| #define PACKAGE_URL ""
| #define STDC_HEADERS 1
| #define HAVE_SYS_TYPES_H 1
| #define HAVE_SYS_STAT_H 1
| #define HAVE_STDLIB_H 1
| #define HAVE_STRING_H 1
| #define HAVE_MEMORY_H 1
| #define HAVE_STRINGS_H 1
| #define HAVE_INTTYPES_H 1
| #define HAVE_STDINT_H 1
| #define HAVE_UNISTD_H 1
| #define __EXTENSIONS__ 1
| #define _ALL_SOURCE 1
| #define _GNU_SOURCE 1
| #define _POSIX_PTHREAD_SEMANTICS 1
| #define _TANDEM_SOURCE 1
| #define PACKAGE "libedit-20181209"
| #define VERSION "3.1"
| #define HAVE_DLFCN_H 1
| #define LT_OBJDIR ".libs/"
| #define HAVE_LIBTERMCAP 1
| #define HAVE_DIRENT_H 1
| #define STDC_HEADERS 1
| #define HAVE_SYS_WAIT_H 1
| #define HAVE_FCNTL_H 1
| #define HAVE_LIMITS_H 1
| #define HAVE_MALLOC_H 1
| #define HAVE_STDLIB_H 1
| #define HAVE_STRING_H 1
| #define HAVE_SYS_IOCTL_H 1
| #define HAVE_SYS_PARAM_H 1
| #define HAVE_UNISTD_H 1
| #define HAVE_CURSES_H 1
| #define HAVE_NCURSES_H 1
| #define HAVE_SYS_CDEFS_H 1
| #define HAVE_TERMCAP_H 1
| #define HAVE_TERM_H 1
| #define HAVE_U_INT32_T 1
| #define HAVE_FORK 1
| #define HAVE_VFORK 1
| #define HAVE_WORKING_VFORK 1
| #define HAVE_WORKING_FORK 1
| #define RETSIGTYPE void
| #define LSTAT_FOLLOWS_SLASHED_SYMLINK 1
| #define HAVE_ENDPWENT 1
| #define HAVE_ISASCII 1
| #define HAVE_MEMCHR 1
| #define HAVE_MEMSET 1
| #define HAVE_RE_COMP 1
| #define HAVE_REGCOMP 1
| #define HAVE_STRCASECMP 1
| #define HAVE_STRCHR 1
| #define HAVE_STRCSPN 1
| #define HAVE_STRDUP 1
| #define HAVE_STRERROR 1
| #define HAVE_STRRCHR 1
| #define HAVE_STRSTR 1
| #define HAVE_STRTOL 1
| #define HAVE_GETLINE 1
| /* end confdefs.h.  */
| /* Define __secure_getenv to an innocuous variant, in case <limits.h> declares __secure_getenv.
|    For example, HP-UX 11i <limits.h> declares gettimeofday.  */
| #define __secure_getenv innocuous___secure_getenv
| 
| /* System header to define __stub macros and hopefully few prototypes,
|     which can conflict with char __secure_getenv (); below.
|     Prefer <limits.h> to <assert.h> if __STDC__ is defined, since
|     <limits.h> exists even on freestanding compilers.  */
| 
| #ifdef __STDC__
| # include <limits.h>
| #else
| # include <assert.h>
| #endif
| 
| #undef __secure_getenv
| 
| /* Override any GCC internal prototype to avoid an error.
|    Use char because int might match the return type of a GCC
|    builtin and then its argument prototype would still apply.  */
| #ifdef __cplusplus
| extern "C"
| #endif
| char __secure_getenv ();
| /* The GNU C library defines this for functions which it implements
|     to always fail with ENOSYS.  Some functions are actually named
|     something starting with __ and the normal name is an alias.  */
| #if defined __stub___secure_getenv || defined __stub_____secure_getenv
| choke me
| #endif
| 
| int
| main ()
| {
| return __secure_getenv ();
|   ;
|   return 0;
| }
configure:13846: result: no
configure:13846: checking for secure_getenv
configure:13846: icc -o conftest -g -O2 -fdebug-prefix-map=/dev/shm/builddeps/libedit-dev/libedit=. -fstack-protector-strong -Wformat -Werror=format-security -march=native -pipe -isystem /usr/include/bsd -DLIBBSD_OVERLAY -Wdate-time -D_FORTIFY_SOURCE=2 -Wl,-z,relro -Wl,--as-needed,--gc-sections,--relax conftest.c -ltermcap  -lbsd >&5
configure:13846: $? = 0
configure:13846: result: yes
configure:13859: checking for fgetln
configure:13859: icc -o conftest -g -O2 -fdebug-prefix-map=/dev/shm/builddeps/libedit-dev/libedit=. -fstack-protector-strong -Wformat -Werror=format-security -march=native -pipe -isystem /usr/include/bsd -DLIBBSD_OVERLAY -Wdate-time -D_FORTIFY_SOURCE=2 -Wl,-z,relro -Wl,--as-needed,--gc-sections,--relax conftest.c -ltermcap  -lbsd >&5
x86_64-linux-gnu-ld: /tmp/ipo_iccvfYGha.o: in function `main':
/dev/shm/builddeps/libedit-dev/libedit/conftest.c:102: warning: This function cannot be safely ported, use getline(3) instead, as it is supported by GNU and POSIX.1-2008.
configure:13859: $? = 0
configure:13859: result: yes
configure:13882: checking for strlcpy
configure:13882: icc -o conftest -g -O2 -fdebug-prefix-map=/dev/shm/builddeps/libedit-dev/libedit=. -fstack-protector-strong -Wformat -Werror=format-security -march=native -pipe -isystem /usr/include/bsd -DLIBBSD_OVERLAY -Wdate-time -D_FORTIFY_SOURCE=2 -Wl,-z,relro -Wl,--as-needed,--gc-sections,--relax conftest.c -ltermcap  -lbsd >&5
configure:13882: $? = 0
configure:13882: result: yes
configure:13905: checking for strlcat
configure:13905: icc -o conftest -g -O2 -fdebug-prefix-map=/dev/shm/builddeps/libedit-dev/libedit=. -fstack-protector-strong -Wformat -Werror=format-security -march=native -pipe -isystem /usr/include/bsd -DLIBBSD_OVERLAY -Wdate-time -D_FORTIFY_SOURCE=2 -Wl,-z,relro -Wl,--as-needed,--gc-sections,--relax conftest.c -ltermcap  -lbsd >&5
configure:13905: $? = 0
configure:13905: result: yes
configure:13928: checking for vis
configure:13928: icc -o conftest -g -O2 -fdebug-prefix-map=/dev/shm/builddeps/libedit-dev/libedit=. -fstack-protector-strong -Wformat -Werror=format-security -march=native -pipe -isystem /usr/include/bsd -DLIBBSD_OVERLAY -Wdate-time -D_FORTIFY_SOURCE=2 -Wl,-z,relro -Wl,--as-needed,--gc-sections,--relax conftest.c -ltermcap  -lbsd >&5
configure:13928: $? = 0
configure:13928: result: yes
configure:13951: checking for unvis
configure:13951: icc -o conftest -g -O2 -fdebug-prefix-map=/dev/shm/builddeps/libedit-dev/libedit=. -fstack-protector-strong -Wformat -Werror=format-security -march=native -pipe -isystem /usr/include/bsd -DLIBBSD_OVERLAY -Wdate-time -D_FORTIFY_SOURCE=2 -Wl,-z,relro -Wl,--as-needed,--gc-sections,--relax conftest.c -ltermcap  -lbsd >&5
configure:13951: $? = 0
configure:13951: result: yes
configure:13974: checking for wcsdup
configure:13974: icc -o conftest -g -O2 -fdebug-prefix-map=/dev/shm/builddeps/libedit-dev/libedit=. -fstack-protector-strong -Wformat -Werror=format-security -march=native -pipe -isystem /usr/include/bsd -DLIBBSD_OVERLAY -Wdate-time -D_FORTIFY_SOURCE=2 -Wl,-z,relro -Wl,--as-needed,--gc-sections,--relax conftest.c -ltermcap  -lbsd >&5
configure:13974: $? = 0
configure:13974: result: yes
configure:13996: checking whether getpwnam_r and getpwuid_r are posix like
configure:14015: icc -o conftest -g -O2 -fdebug-prefix-map=/dev/shm/builddeps/libedit-dev/libedit=. -fstack-protector-strong -Wformat -Werror=format-security -march=native -pipe -isystem /usr/include/bsd -DLIBBSD_OVERLAY -Wdate-time -D_FORTIFY_SOURCE=2 -Wl,-z,relro -Wl,--as-needed,--gc-sections,--relax conftest.c -ltermcap  -lbsd >&5
configure:14015: $? = 0
configure:14019: result: yes
configure:14029: checking whether getpwnam_r and getpwuid_r are posix _draft_ like
configure:14048: icc -o conftest -g -O2 -fdebug-prefix-map=/dev/shm/builddeps/libedit-dev/libedit=. -fstack-protector-strong -Wformat -Werror=format-security -march=native -pipe -isystem /usr/include/bsd -DLIBBSD_OVERLAY -Wdate-time -D_FORTIFY_SOURCE=2 -Wl,-z,relro -Wl,--as-needed,--gc-sections,--relax conftest.c -ltermcap  -lbsd >&5
conftest.c(81): warning #165: too few arguments in function call
  getpwnam_r(NULL, NULL, NULL, (size_t)0);
                                        ^

conftest.c(82): warning #165: too few arguments in function call
                  getpwuid_r((uid_t)0, NULL, NULL, (size_t)0);
                                                            ^

conftest.c(81): internal error: assertion failed: Invalid C99 IL expression kind (shared/cfe/edgcpfe/lower_c99.c, line 4669)

  getpwnam_r(NULL, NULL, NULL, (size_t)0);
  ^

compilation aborted for conftest.c (code 4)
configure:14048: $? = 4
configure: failed program was:
| /* confdefs.h */
| #define PACKAGE_NAME "libedit"
| #define PACKAGE_TARNAME "libedit-20181209"
| #define PACKAGE_VERSION "3.1"
| #define PACKAGE_STRING "libedit 3.1"
| #define PACKAGE_BUGREPORT ""
| #define PACKAGE_URL ""
| #define STDC_HEADERS 1
| #define HAVE_SYS_TYPES_H 1
| #define HAVE_SYS_STAT_H 1
| #define HAVE_STDLIB_H 1
| #define HAVE_STRING_H 1
| #define HAVE_MEMORY_H 1
| #define HAVE_STRINGS_H 1
| #define HAVE_INTTYPES_H 1
| #define HAVE_STDINT_H 1
| #define HAVE_UNISTD_H 1
| #define __EXTENSIONS__ 1
| #define _ALL_SOURCE 1
| #define _GNU_SOURCE 1
| #define _POSIX_PTHREAD_SEMANTICS 1
| #define _TANDEM_SOURCE 1
| #define PACKAGE "libedit-20181209"
| #define VERSION "3.1"
| #define HAVE_DLFCN_H 1
| #define LT_OBJDIR ".libs/"
| #define HAVE_LIBTERMCAP 1
| #define HAVE_DIRENT_H 1
| #define STDC_HEADERS 1
| #define HAVE_SYS_WAIT_H 1
| #define HAVE_FCNTL_H 1
| #define HAVE_LIMITS_H 1
| #define HAVE_MALLOC_H 1
| #define HAVE_STDLIB_H 1
| #define HAVE_STRING_H 1
| #define HAVE_SYS_IOCTL_H 1
| #define HAVE_SYS_PARAM_H 1
| #define HAVE_UNISTD_H 1
| #define HAVE_CURSES_H 1
| #define HAVE_NCURSES_H 1
| #define HAVE_SYS_CDEFS_H 1
| #define HAVE_TERMCAP_H 1
| #define HAVE_TERM_H 1
| #define HAVE_U_INT32_T 1
| #define HAVE_FORK 1
| #define HAVE_VFORK 1
| #define HAVE_WORKING_VFORK 1
| #define HAVE_WORKING_FORK 1
| #define RETSIGTYPE void
| #define LSTAT_FOLLOWS_SLASHED_SYMLINK 1
| #define HAVE_ENDPWENT 1
| #define HAVE_ISASCII 1
| #define HAVE_MEMCHR 1
| #define HAVE_MEMSET 1
| #define HAVE_RE_COMP 1
| #define HAVE_REGCOMP 1
| #define HAVE_STRCASECMP 1
| #define HAVE_STRCHR 1
| #define HAVE_STRCSPN 1
| #define HAVE_STRDUP 1
| #define HAVE_STRERROR 1
| #define HAVE_STRRCHR 1
| #define HAVE_STRSTR 1
| #define HAVE_STRTOL 1
| #define HAVE_GETLINE 1
| #define HAVE_SECURE_GETENV 1
| #define HAVE_FGETLN 1
| #define HAVE_STRLCPY 1
| #define HAVE_STRLCAT 1
| #define HAVE_VIS 1
| #define HAVE_UNVIS 1
| #define HAVE_WCSDUP 1
| #define HAVE_GETPW_R_POSIX 1
| /* end confdefs.h.  */
| #include <stdlib.h>
|                 #include <sys/types.h>
|                 #include <pwd.h>
| int
| main ()
| {
| getpwnam_r(NULL, NULL, NULL, (size_t)0);
|                 getpwuid_r((uid_t)0, NULL, NULL, (size_t)0);
|   ;
|   return 0;
| }
configure:14055: result: no
configure:14176: checking that generated files are newer than configure
configure:14182: result: done
configure:14233: creating ./config.status

## ---------------------- ##
## Running config.status. ##
## ---------------------- ##

This file was extended by libedit config.status 3.1, which was
generated by GNU Autoconf 2.69.  Invocation command line was

  CONFIG_FILES    = 
  CONFIG_HEADERS  = 
  CONFIG_LINKS    = 
  CONFIG_COMMANDS = 
  $ ./config.status 

on server

config.status:1164: creating Makefile
config.status:1164: creating libedit.pc
config.status:1164: creating src/Makefile
config.status:1164: creating doc/Makefile
config.status:1164: creating examples/Makefile
config.status:1164: creating config.h
config.status:1393: executing depfiles commands
config.status:1393: executing libtool commands
configure:16376: WARNING: unrecognized options: --disable-maintainer-mode

## ---------------- ##
## Cache variables. ##
## ---------------- ##

ac_cv_build=x86_64-pc-linux-gnu
ac_cv_c_compiler_gnu=yes
ac_cv_c_const=yes
ac_cv_env_CC_set=set
ac_cv_env_CC_value=icc
ac_cv_env_CFLAGS_set=set
ac_cv_env_CFLAGS_value='-g -O2 -fdebug-prefix-map=/dev/shm/builddeps/libedit-dev/libedit=. -fstack-protector-strong -Wformat -Werror=format-security -march=native -pipe'
ac_cv_env_CPPFLAGS_set=set
ac_cv_env_CPPFLAGS_value='-Wdate-time -D_FORTIFY_SOURCE=2'
ac_cv_env_CPP_set=
ac_cv_env_CPP_value=
ac_cv_env_LDFLAGS_set=set
ac_cv_env_LDFLAGS_value='-Wl,-z,relro -Wl,--as-needed,--gc-sections,--relax'
ac_cv_env_LIBBSD_CFLAGS_set=
ac_cv_env_LIBBSD_CFLAGS_value=
ac_cv_env_LIBBSD_LIBS_set=
ac_cv_env_LIBBSD_LIBS_value=
ac_cv_env_LIBS_set=
ac_cv_env_LIBS_value=
ac_cv_env_LT_SYS_LIBRARY_PATH_set=
ac_cv_env_LT_SYS_LIBRARY_PATH_value=
ac_cv_env_PKG_CONFIG_LIBDIR_set=
ac_cv_env_PKG_CONFIG_LIBDIR_value=
ac_cv_env_PKG_CONFIG_PATH_set=
ac_cv_env_PKG_CONFIG_PATH_value=
ac_cv_env_PKG_CONFIG_set=
ac_cv_env_PKG_CONFIG_value=
ac_cv_env_build_alias_set=set
ac_cv_env_build_alias_value=x86_64-linux-gnu
ac_cv_env_host_alias_set=
ac_cv_env_host_alias_value=
ac_cv_env_target_alias_set=
ac_cv_env_target_alias_value=
ac_cv_func___secure_getenv=no
ac_cv_func_closedir_void=no
ac_cv_func_endpwent=yes
ac_cv_func_fgetln=yes
ac_cv_func_fork=yes
ac_cv_func_fork_works=yes
ac_cv_func_getline=yes
ac_cv_func_isascii=yes
ac_cv_func_issetugid=no
ac_cv_func_lstat_dereferences_slashed_symlink=yes
ac_cv_func_memchr=yes
ac_cv_func_memset=yes
ac_cv_func_re_comp=yes
ac_cv_func_regcomp=yes
ac_cv_func_secure_getenv=yes
ac_cv_func_stat_empty_string_bug=no
ac_cv_func_strcasecmp=yes
ac_cv_func_strchr=yes
ac_cv_func_strcspn=yes
ac_cv_func_strdup=yes
ac_cv_func_strerror=yes
ac_cv_func_strlcat=yes
ac_cv_func_strlcpy=yes
ac_cv_func_strrchr=yes
ac_cv_func_strstr=yes
ac_cv_func_strtol=yes
ac_cv_func_unvis=yes
ac_cv_func_vfork=yes
ac_cv_func_vfork_works=yes
ac_cv_func_vis=yes
ac_cv_func_wcsdup=yes
ac_cv_header_curses_h=yes
ac_cv_header_dirent_dirent_h=yes
ac_cv_header_dlfcn_h=yes
ac_cv_header_fcntl_h=yes
ac_cv_header_inttypes_h=yes
ac_cv_header_limits_h=yes
ac_cv_header_malloc_h=yes
ac_cv_header_memory_h=yes
ac_cv_header_minix_config_h=no
ac_cv_header_ncurses_h=yes
ac_cv_header_stdc=yes
ac_cv_header_stdint_h=yes
ac_cv_header_stdlib_h=yes
ac_cv_header_string_h=yes
ac_cv_header_strings_h=yes
ac_cv_header_sys_cdefs_h=yes
ac_cv_header_sys_ioctl_h=yes
ac_cv_header_sys_param_h=yes
ac_cv_header_sys_stat_h=yes
ac_cv_header_sys_types_h=yes
ac_cv_header_sys_wait_h=yes
ac_cv_header_term_h=yes
ac_cv_header_termcap_h=yes
ac_cv_header_termios_h=yes
ac_cv_header_unistd_h=yes
ac_cv_header_vfork_h=no
ac_cv_host=x86_64-pc-linux-gnu
ac_cv_lib_termcap_tgetent=yes
ac_cv_member_struct_dirent_d_namlen=no
ac_cv_objext=o
ac_cv_path_EGREP='/bin/grep -E'
ac_cv_path_FGREP='/bin/grep -F'
ac_cv_path_GREP=/bin/grep
ac_cv_path_NROFF=/usr/bin/nroff
ac_cv_path_SED=/bin/sed
ac_cv_path_ac_pt_PKG_CONFIG=/usr/bin/pkg-config
ac_cv_path_install='/usr/bin/install -c'
ac_cv_path_lt_DD=/bin/dd
ac_cv_path_mkdir=/bin/mkdir
ac_cv_prog_AWK=gawk
ac_cv_prog_CPP='icc -E'
ac_cv_prog_ac_ct_CC=icc
ac_cv_prog_ac_ct_MANIFEST_TOOL=mt
ac_cv_prog_ac_ct_OBJDUMP=objdump
ac_cv_prog_ac_ct_RANLIB=ranlib
ac_cv_prog_ac_ct_STRIP=strip
ac_cv_prog_cc_c89=
ac_cv_prog_cc_c99=
ac_cv_prog_cc_g=yes
ac_cv_prog_gcc_traditional=no
ac_cv_prog_make_make_set=yes
ac_cv_safe_to_define___extensions__=yes
ac_cv_search_opendir='none required'
ac_cv_type_pid_t=yes
ac_cv_type_signal=void
ac_cv_type_size_t=yes
ac_cv_type_u_int32_t=yes
am_cv_CC_dependencies_compiler_type=none
am_cv_make_support_nested_variables=yes
am_cv_prog_cc_c_o=yes
lt_cv_ar_at_file=@
lt_cv_archive_cmds_need_lc=no
lt_cv_deplibs_check_method=pass_all
lt_cv_file_magic_cmd='$MAGIC_CMD'
lt_cv_file_magic_test_file=
lt_cv_ld_reload_flag=-r
lt_cv_nm_interface='BSD nm'
lt_cv_objdir=.libs
lt_cv_path_LD=xild
lt_cv_path_NM='/usr/bin/nm -B'
lt_cv_path_mainfest_tool=no
lt_cv_prog_compiler_c_o=yes
lt_cv_prog_compiler_pic='-fPIC -DPIC'
lt_cv_prog_compiler_pic_works=yes
lt_cv_prog_compiler_rtti_exceptions=yes
lt_cv_prog_compiler_static_works=no
lt_cv_prog_gnu_ld=yes
lt_cv_sharedlib_from_linklib_cmd='printf %s\n'
lt_cv_shlibpath_overrides_runpath=yes
lt_cv_sys_global_symbol_pipe='sed -n -e '\''s/^.*[	 ]\([ABCDGIRSTW][ABCDGIRSTW]*\)[	 ][	 ]*\([_A-Za-z][_A-Za-z0-9]*\)$/\1 \2 \2/p'\'' | sed '\''/ __gnu_lto/d'\'''
lt_cv_sys_global_symbol_to_c_name_address='sed -n -e '\''s/^: \(.*\) .*$/  {"\1", (void *) 0},/p'\'' -e '\''s/^[ABCDGIRSTW][ABCDGIRSTW]* .* \(.*\)$/  {"\1", (void *) \&\1},/p'\'''
lt_cv_sys_global_symbol_to_c_name_address_lib_prefix='sed -n -e '\''s/^: \(.*\) .*$/  {"\1", (void *) 0},/p'\'' -e '\''s/^[ABCDGIRSTW][ABCDGIRSTW]* .* \(lib.*\)$/  {"\1", (void *) \&\1},/p'\'' -e '\''s/^[ABCDGIRSTW][ABCDGIRSTW]* .* \(.*\)$/  {"lib\1", (void *) \&\1},/p'\'''
lt_cv_sys_global_symbol_to_cdecl='sed -n -e '\''s/^T .* \(.*\)$/extern int \1();/p'\'' -e '\''s/^[ABCDGIRSTW][ABCDGIRSTW]* .* \(.*\)$/extern char \1;/p'\'''
lt_cv_sys_global_symbol_to_import=
lt_cv_sys_max_cmd_len=1572864
lt_cv_to_host_file_cmd=func_convert_file_noop
lt_cv_to_tool_file_cmd=func_convert_file_noop
lt_cv_truncate_bin='/bin/dd bs=4096 count=1'
pkg_cv_LIBBSD_CFLAGS='-isystem /usr/include/bsd -DLIBBSD_OVERLAY'
pkg_cv_LIBBSD_LIBS=-lbsd

## ----------------- ##
## Output variables. ##
## ----------------- ##

ACLOCAL='${SHELL} /dev/shm/builddeps/libedit-dev/libedit/missing aclocal-1.16'
AMDEPBACKSLASH=''
AMDEP_FALSE=''
AMDEP_TRUE='#'
AMTAR='$${TAR-tar}'
AM_BACKSLASH='\'
AM_DEFAULT_V='$(AM_DEFAULT_VERBOSITY)'
AM_DEFAULT_VERBOSITY='1'
AM_V='$(V)'
AR='xiar'
AUTOCONF='${SHELL} /dev/shm/builddeps/libedit-dev/libedit/missing autoconf'
AUTOHEADER='${SHELL} /dev/shm/builddeps/libedit-dev/libedit/missing autoheader'
AUTOMAKE='${SHELL} /dev/shm/builddeps/libedit-dev/libedit/missing automake-1.16'
AWK='gawk'
CC='icc'
CCDEPMODE='depmode=none'
CFLAGS='-g -O2 -fdebug-prefix-map=/dev/shm/builddeps/libedit-dev/libedit=. -fstack-protector-strong -Wformat -Werror=format-security -march=native -pipe -isystem /usr/include/bsd -DLIBBSD_OVERLAY'
CPP='icc -E'
CPPFLAGS='-Wdate-time -D_FORTIFY_SOURCE=2'
CYGPATH_W='echo'
DEFS='-DHAVE_CONFIG_H'
DEPDIR='.deps'
DLLTOOL='false'
DSYMUTIL=''
DUMPBIN=''
ECHO_C=''
ECHO_N='-n'
ECHO_T=''
EGREP='/bin/grep -E'
ENABLE_EXAMPLES_FALSE='#'
ENABLE_EXAMPLES_TRUE=''
EXEEXT=''
FGREP='/bin/grep -F'
GREP='/bin/grep'
HAVE_FGETLN_FALSE='#'
HAVE_FGETLN_TRUE=''
HAVE_STRLCAT_FALSE='#'
HAVE_STRLCAT_TRUE=''
HAVE_STRLCPY_FALSE='#'
HAVE_STRLCPY_TRUE=''
HAVE_UNVIS_FALSE='#'
HAVE_UNVIS_TRUE=''
HAVE_VIS_FALSE='#'
HAVE_VIS_TRUE=''
HAVE_WCSDUP_FALSE='#'
HAVE_WCSDUP_TRUE=''
INSTALL_DATA='${INSTALL} -m 644'
INSTALL_PROGRAM='${INSTALL}'
INSTALL_SCRIPT='${INSTALL}'
INSTALL_STRIP_PROGRAM='$(install_sh) -c -s'
LD='xild -m elf_x86_64'
LDFLAGS='-Wl,-z,relro -Wl,--as-needed,--gc-sections,--relax'
LIBBSD_CFLAGS='-isystem /usr/include/bsd -DLIBBSD_OVERLAY'
LIBBSD_LIBS='-lbsd'
LIBOBJS=''
LIBS='-ltermcap  -lbsd'
LIBTOOL='$(SHELL) $(top_builddir)/libtool'
LIPO=''
LN_S='ln -s'
LTLIBOBJS=''
LT_SYS_LIBRARY_PATH=''
LT_VERSION='2:58:0'
MAKEINFO='${SHELL} /dev/shm/builddeps/libedit-dev/libedit/missing makeinfo'
MANIFEST_TOOL=':'
MANTYPE='mdoc'
MKDIR_P='/bin/mkdir -p'
MODULES=' libbsd'
NM='/usr/bin/nm -B'
NMEDIT=''
NROFF='/usr/bin/nroff'
OBJDUMP='objdump'
OBJEXT='o'
OTOOL64=''
OTOOL=''
PACKAGE='libedit-20181209'
PACKAGE_BUGREPORT=''
PACKAGE_NAME='libedit'
PACKAGE_STRING='libedit 3.1'
PACKAGE_TARNAME='libedit-20181209'
PACKAGE_URL=''
PACKAGE_VERSION='3.1'
PATH_SEPARATOR=':'
PKG_CONFIG='/usr/bin/pkg-config'
PKG_CONFIG_LIBDIR=''
PKG_CONFIG_PATH=''
RANLIB='ranlib'
SED='/bin/sed'
SET_MAKE=''
SHELL='/bin/bash'
STRIP='strip'
VERSION='3.1'
ac_ct_AR=''
ac_ct_CC='icc'
ac_ct_DUMPBIN=''
am__EXEEXT_FALSE=''
am__EXEEXT_TRUE='#'
am__fastdepCC_FALSE=''
am__fastdepCC_TRUE='#'
am__include='include'
am__isrc=''
am__leading_dot='.'
am__nodep=''
am__quote=''
am__tar='$${TAR-tar} chof - "$$tardir"'
am__untar='$${TAR-tar} xf -'
bindir='${exec_prefix}/bin'
build='x86_64-pc-linux-gnu'
build_alias='x86_64-linux-gnu'
build_cpu='x86_64'
build_os='linux-gnu'
build_vendor='pc'
datadir='${datarootdir}'
datarootdir='${prefix}/share'
docdir='${datarootdir}/doc/${PACKAGE_TARNAME}'
dvidir='${docdir}'
exec_prefix='${prefix}'
host='x86_64-pc-linux-gnu'
host_alias=''
host_cpu='x86_64'
host_os='linux-gnu'
host_vendor='pc'
htmldir='${docdir}'
includedir='${prefix}/include'
infodir='${prefix}/share/info'
install_sh='${SHELL} /dev/shm/builddeps/libedit-dev/libedit/install-sh'
libdir='${prefix}/lib/x86_64-linux-gnu'
libexecdir='${prefix}/lib/x86_64-linux-gnu'
localedir='${datarootdir}/locale'
localstatedir='/var'
mandir='${prefix}/share/man'
mkdir_p='$(MKDIR_P)'
oldincludedir='/usr/include'
pdfdir='${docdir}'
prefix='/usr'
program_transform_name='s,x,x,'
psdir='${docdir}'
runstatedir='/run'
sbindir='${exec_prefix}/sbin'
sharedstatedir='${prefix}/com'
sysconfdir='/etc'
target_alias=''

## ----------- ##
## confdefs.h. ##
## ----------- ##

/* confdefs.h */
#define PACKAGE_NAME "libedit"
#define PACKAGE_TARNAME "libedit-20181209"
#define PACKAGE_VERSION "3.1"
#define PACKAGE_STRING "libedit 3.1"
#define PACKAGE_BUGREPORT ""
#define PACKAGE_URL ""
#define STDC_HEADERS 1
#define HAVE_SYS_TYPES_H 1
#define HAVE_SYS_STAT_H 1
#define HAVE_STDLIB_H 1
#define HAVE_STRING_H 1
#define HAVE_MEMORY_H 1
#define HAVE_STRINGS_H 1
#define HAVE_INTTYPES_H 1
#define HAVE_STDINT_H 1
#define HAVE_UNISTD_H 1
#define __EXTENSIONS__ 1
#define _ALL_SOURCE 1
#define _GNU_SOURCE 1
#define _POSIX_PTHREAD_SEMANTICS 1
#define _TANDEM_SOURCE 1
#define PACKAGE "libedit-20181209"
#define VERSION "3.1"
#define HAVE_DLFCN_H 1
#define LT_OBJDIR ".libs/"
#define HAVE_LIBTERMCAP 1
#define HAVE_DIRENT_H 1
#define STDC_HEADERS 1
#define HAVE_SYS_WAIT_H 1
#define HAVE_FCNTL_H 1
#define HAVE_LIMITS_H 1
#define HAVE_MALLOC_H 1
#define HAVE_STDLIB_H 1
#define HAVE_STRING_H 1
#define HAVE_SYS_IOCTL_H 1
#define HAVE_SYS_PARAM_H 1
#define HAVE_UNISTD_H 1
#define HAVE_CURSES_H 1
#define HAVE_NCURSES_H 1
#define HAVE_SYS_CDEFS_H 1
#define HAVE_TERMCAP_H 1
#define HAVE_TERM_H 1
#define HAVE_U_INT32_T 1
#define HAVE_FORK 1
#define HAVE_VFORK 1
#define HAVE_WORKING_VFORK 1
#define HAVE_WORKING_FORK 1
#define RETSIGTYPE void
#define LSTAT_FOLLOWS_SLASHED_SYMLINK 1
#define HAVE_ENDPWENT 1
#define HAVE_ISASCII 1
#define HAVE_MEMCHR 1
#define HAVE_MEMSET 1
#define HAVE_RE_COMP 1
#define HAVE_REGCOMP 1
#define HAVE_STRCASECMP 1
#define HAVE_STRCHR 1
#define HAVE_STRCSPN 1
#define HAVE_STRDUP 1
#define HAVE_STRERROR 1
#define HAVE_STRRCHR 1
#define HAVE_STRSTR 1
#define HAVE_STRTOL 1
#define HAVE_GETLINE 1
#define HAVE_SECURE_GETENV 1
#define HAVE_FGETLN 1
#define HAVE_STRLCPY 1
#define HAVE_STRLCAT 1
#define HAVE_VIS 1
#define HAVE_UNVIS 1
#define HAVE_WCSDUP 1
#define HAVE_GETPW_R_POSIX 1

configure: exit 0
